[35m[Appium][39m Welcome to Appium v2.9.0
[35m[Appium][39m Non-default server args:
[35m[Appium][39m { basePath: [32m'/wd/hub'[39m, loglevel: [32m'info'[39m, port: [33m49345[39m }
[35m[Appium][39m Attempting to load driver uiautomator2...
[35m[Appium][39m Appium REST http interface listener started on http://0.0.0.0:49345/wd/hub
[35m[Appium][39m You can provide the following URLs in your client code to connect to this server:
[35m[Appium][39m 	http://192.168.100.109:49345/wd/hub
[35m[Appium][39m 	http://127.0.0.1:49345/wd/hub (only accessible from the same host)
[35m[Appium][39m Available drivers:
[35m[Appium][39m   - uiautomator2@2.29.10 (automationName 'UiAutomator2')
[35m[Appium][39m No plugins have been installed. Use the "appium plugin" command to install the one(s) you want to use.
[38;5;0m[HTTP][0m [37m-->[39m [37mGET[39m [37m/wd/hub/status[39m
[38;5;0m[HTTP][0m [90m{}[39m
[38;5;0m[HTTP][0m [37m<-- GET /wd/hub/status [39m[32m200[39m [90m5 ms - 110[39m
[38;5;0m[HTTP][0m [90m[39m
[38;5;0m[HTTP][0m [37m-->[39m [37mGET[39m [37m/wd/hub/status[39m
[38;5;0m[HTTP][0m [90m{}[39m
[38;5;0m[HTTP][0m [37m<-- GET /wd/hub/status [39m[32m200[39m [90m1 ms - 110[39m
[38;5;0m[HTTP][0m [90m[39m
[38;5;0m[HTTP][0m [37m-->[39m [37mPOST[39m [37m/wd/hub/session[39m
[38;5;0m[HTTP][0m [90m{"desiredCapabilities":{"appium:systemPort":8281,"appium:udid":"SK5DMBEUOBU4LNAU","appium:autoGrantPermissions":true,"appium:newCommandTimeout":1800,"appium:platformName":"ANDROID","appium:appActivity":".Settings","appium:deviceName":"Xiaomi 2201116TG (Android 13)","platformName":"Android","appium:automationName":"uiautomator2","appium:platformVersion":"13","appium:appPackage":"com.android.settings"},"capabilities":{"firstMatch":[{"appium:appActivity":".Settings","appium:appPackage":"com.android.settings","appium:autoGrantPermissions":true,"appium:automationName":"uiautomator2","appium:deviceName":"Xiaomi 2201116TG (Android 13)","appium:newCommandTimeout":1800,"appium:platformName":"ANDROID","appium:platformVersion":"13","appium:systemPort":8281,"appium:udid":"SK5DMBEUOBU4LNAU","platformName":"android"}]}}[39m
[38;5;32m[BaseDriver][0m Ignoring capability 'appium:platformName=ANDROID' and using capability 'platformName=android'
[38;5;32m[BaseDriver][0m The capabilities ["platformName"] are standard capabilities and do not require "appium:" prefix
[35m[Appium][39m Attempting to find matching driver for automationName 'uiautomator2' and platformName 'android'
[35m[Appium][39m The 'uiautomator2' driver was installed and matched caps.
[35m[Appium][39m Will require it at C:\Users\1556\.appium\node_modules\appium-uiautomator2-driver
[38;5;16m[AppiumDriver@421d][0m Appium v2.9.0 creating new AndroidUiautomator2Driver (v2.29.10) session
[38;5;16m[AppiumDriver@421d][0m Checking BaseDriver versions for Appium and AndroidUiautomator2Driver
[38;5;16m[AppiumDriver@421d][0m Appium's BaseDriver version is 9.9.0
[38;5;16m[AppiumDriver@421d][0m AndroidUiautomator2Driver's BaseDriver version is 9.9.0
[38;5;48m[AndroidUiautomator2Driver@07f7][0m The following provided capabilities were not recognized by this driver:
[38;5;48m[AndroidUiautomator2Driver@07f7][0m   deviceName
[38;5;48m[AndroidUiautomator2Driver@07f7 (fec81ae8)][0m Session created with session id: fec81ae8-e7d4-4d52-b0c8-bc9f89e9f69c
[38;5;48m[AndroidUiautomator2Driver@07f7 (fec81ae8)][0m Starting 'com.android.settings' directly on the device
[38;5;64m[ADB][0m Found 32 'build-tools' folders under 'C:\Users\1556\AppData\Local\Android\android-sdk' (newest first):
[38;5;64m[ADB][0m     C:\Users\1556\AppData\Local\Android\android-sdk\build-tools\34.0.0
[38;5;64m[ADB][0m     C:\Users\1556\AppData\Local\Android\android-sdk\build-tools\29.0.3
[38;5;64m[ADB][0m     C:\Users\1556\AppData\Local\Android\android-sdk\build-tools\29.0.2
[38;5;64m[ADB][0m     C:\Users\1556\AppData\Local\Android\android-sdk\build-tools\29.0.1
[38;5;64m[ADB][0m     C:\Users\1556\AppData\Local\Android\android-sdk\build-tools\29.0.0
[38;5;64m[ADB][0m     C:\Users\1556\AppData\Local\Android\android-sdk\build-tools\28.0.3
[38;5;64m[ADB][0m     C:\Users\1556\AppData\Local\Android\android-sdk\build-tools\28.0.2
[38;5;64m[ADB][0m     C:\Users\1556\AppData\Local\Android\android-sdk\build-tools\28.0.1
[38;5;64m[ADB][0m     C:\Users\1556\AppData\Local\Android\android-sdk\build-tools\28.0.0
[38;5;64m[ADB][0m     C:\Users\1556\AppData\Local\Android\android-sdk\build-tools\27.0.3
[38;5;64m[ADB][0m     C:\Users\1556\AppData\Local\Android\android-sdk\build-tools\27.0.2
[38;5;64m[ADB][0m     C:\Users\1556\AppData\Local\Android\android-sdk\build-tools\27.0.1
[38;5;64m[ADB][0m     C:\Users\1556\AppData\Local\Android\android-sdk\build-tools\27.0.0
[38;5;64m[ADB][0m     C:\Users\1556\AppData\Local\Android\android-sdk\build-tools\26.0.3
[38;5;64m[ADB][0m     C:\Users\1556\AppData\Local\Android\android-sdk\build-tools\26.0.2
[38;5;64m[ADB][0m     C:\Users\1556\AppData\Local\Android\android-sdk\build-tools\26.0.1
[38;5;64m[ADB][0m     C:\Users\1556\AppData\Local\Android\android-sdk\build-tools\26.0.0
[38;5;64m[ADB][0m     C:\Users\1556\AppData\Local\Android\android-sdk\build-tools\25.0.3
[38;5;64m[ADB][0m     C:\Users\1556\AppData\Local\Android\android-sdk\build-tools\25.0.2
[38;5;64m[ADB][0m     C:\Users\1556\AppData\Local\Android\android-sdk\build-tools\25.0.1
[38;5;64m[ADB][0m     C:\Users\1556\AppData\Local\Android\android-sdk\build-tools\25.0.0
[38;5;64m[ADB][0m     C:\Users\1556\AppData\Local\Android\android-sdk\build-tools\24.0.3
[38;5;64m[ADB][0m     C:\Users\1556\AppData\Local\Android\android-sdk\build-tools\24.0.2
[38;5;64m[ADB][0m     C:\Users\1556\AppData\Local\Android\android-sdk\build-tools\24.0.1
[38;5;64m[ADB][0m     C:\Users\1556\AppData\Local\Android\android-sdk\build-tools\24.0.0
[38;5;64m[ADB][0m     C:\Users\1556\AppData\Local\Android\android-sdk\build-tools\23.0.3
[38;5;64m[ADB][0m     C:\Users\1556\AppData\Local\Android\android-sdk\build-tools\23.0.2
[38;5;64m[ADB][0m     C:\Users\1556\AppData\Local\Android\android-sdk\build-tools\23.0.1
[38;5;64m[ADB][0m     C:\Users\1556\AppData\Local\Android\android-sdk\build-tools\22.0.1
[38;5;64m[ADB][0m     C:\Users\1556\AppData\Local\Android\android-sdk\build-tools\21.1.2
[38;5;64m[ADB][0m     C:\Users\1556\AppData\Local\Android\android-sdk\build-tools\20.0.0
[38;5;64m[ADB][0m     C:\Users\1556\AppData\Local\Android\android-sdk\build-tools\19.1.0
[38;5;64m[ADB][0m Using 'adb.exe' from 'C:\Users\1556\AppData\Local\Android\android-sdk\platform-tools\adb.exe'
[38;5;80m[AndroidDriver][0m Retrieving device list
[38;5;80m[AndroidDriver][0m Using device: SK5DMBEUOBU4LNAU
[38;5;64m[ADB][0m Using 'adb.exe' from 'C:\Users\1556\AppData\Local\Android\android-sdk\platform-tools\adb.exe'
[38;5;64m[ADB][0m Getting device platform version
[38;5;48m[AndroidUiautomator2Driver@07f7 (fec81ae8)][0m Relaxing hidden api policy
[38;5;80m[AndroidDriver][0m No app sent in, not parsing package/activity
[38;5;64m[ADB][0m Using 'apksigner.jar' from 'C:\Users\1556\AppData\Local\Android\android-sdk\build-tools\34.0.0\lib\apksigner.jar'
[38;5;64m[ADB][0m 'C:\Users\1556\.appium\node_modules\appium-uiautomator2-driver\node_modules\appium-uiautomator2-server\apks\appium-uiautomator2-server-debug-androidTest.apk' is signed with the default certificate
[38;5;64m[ADB][0m 'C:\Users\1556\.appium\node_modules\appium-uiautomator2-driver\node_modules\appium-uiautomator2-server\apks\appium-uiautomator2-server-v5.12.6.apk' is signed with the default certificate
[38;5;48m[AndroidUiautomator2Driver@07f7 (fec81ae8)][0m Server packages are not going to be (re)installed
[38;5;64m[ADB][0m Adding packages ["io.appium.settings","io.appium.uiautomator2.server","io.appium.uiautomator2.server.test"] to Doze whitelist
[38;5;48m[AndroidUiautomator2Driver@07f7 (fec81ae8)][0m Starting UIAutomator2 server 5.12.6
[38;5;48m[AndroidUiautomator2Driver@07f7 (fec81ae8)][0m Using UIAutomator2 server from 'C:\Users\1556\.appium\node_modules\appium-uiautomator2-driver\node_modules\appium-uiautomator2-server\apks\appium-uiautomator2-server-v5.12.6.apk' and test from 'C:\Users\1556\.appium\node_modules\appium-uiautomator2-driver\node_modules\appium-uiautomator2-server\apks\appium-uiautomator2-server-debug-androidTest.apk'
[38;5;48m[AndroidUiautomator2Driver@07f7 (fec81ae8)][0m Waiting up to 30000ms for UiAutomator2 to be online...
[38;5;48m[AndroidUiautomator2Driver@07f7 (fec81ae8)][0m socket hang up
[38;5;48m[AndroidUiautomator2Driver@07f7 (fec81ae8)][0m socket hang up
[38;5;48m[AndroidUiautomator2Driver@07f7 (fec81ae8)][0m socket hang up
[38;5;48m[AndroidUiautomator2Driver@07f7 (fec81ae8)][0m Determined the downstream protocol as 'W3C'
[38;5;80m[AndroidDriver][0m Screen already unlocked, doing nothing
[38;5;48m[AndroidUiautomator2Driver@07f7 (fec81ae8)][0m Starting 'com.android.settings/.Settings and waiting for 'com.android.settings/.Settings'
[38;5;16m[AppiumDriver@421d][0m New AndroidUiautomator2Driver session created successfully, session fec81ae8-e7d4-4d52-b0c8-bc9f89e9f69c added to master session list
[38;5;0m[HTTP][0m [37m<-- POST /wd/hub/session [39m[32m200[39m [90m10052 ms - 1104[39m
[38;5;0m[HTTP][0m [90m[39m
[38;5;0m[HTTP][0m [37m-->[39m [37mGET[39m [37m/wd/hub/session/fec81ae8-e7d4-4d52-b0c8-bc9f89e9f69c[39m
[38;5;0m[HTTP][0m [90m{}[39m
[38;5;0m[HTTP][0m [37m<-- GET /wd/hub/session/fec81ae8-e7d4-4d52-b0c8-bc9f89e9f69c [39m[32m200[39m [90m14 ms - 1058[39m
[38;5;0m[HTTP][0m [90m[39m
[38;5;0m[HTTP][0m [37m-->[39m [37mGET[39m [37m/wd/hub/session/fec81ae8-e7d4-4d52-b0c8-bc9f89e9f69c[39m
[38;5;0m[HTTP][0m [90m{}[39m
[38;5;0m[HTTP][0m [37m<-- GET /wd/hub/session/fec81ae8-e7d4-4d52-b0c8-bc9f89e9f69c [39m[32m200[39m [90m10 ms - 1058[39m
[38;5;0m[HTTP][0m [90m[39m
[38;5;0m[HTTP][0m [37m-->[39m [37mGET[39m [37m/wd/hub/status[39m
[38;5;0m[HTTP][0m [90m{}[39m
[38;5;0m[HTTP][0m [37m<-- GET /wd/hub/status [39m[32m200[39m [90m1 ms - 110[39m
[38;5;0m[HTTP][0m [90m[39m
[38;5;0m[HTTP][0m [37m-->[39m [37mPOST[39m [37m/wd/hub/session/fec81ae8-e7d4-4d52-b0c8-bc9f89e9f69c/timeouts[39m
[38;5;0m[HTTP][0m [90m{"implicit":60000}[39m
[38;5;0m[HTTP][0m [37m<-- POST /wd/hub/session/fec81ae8-e7d4-4d52-b0c8-bc9f89e9f69c/timeouts [39m[32m200[39m [90m2 ms - 14[39m
[38;5;0m[HTTP][0m [90m[39m
[38;5;0m[HTTP][0m [37m-->[39m [37mGET[39m [37m/wd/hub/session/fec81ae8-e7d4-4d52-b0c8-bc9f89e9f69c/appium/device/system_bars[39m
[38;5;0m[HTTP][0m [90m{}[39m
[38;5;48m[AndroidUiautomator2Driver@07f7 (fec81ae8)][0m No windows have been found whose title matches to 'NavigationBar'. Assuming it is invisible. Only the following windows are available: RoundCornerBottom,RoundCornerTop,GestureStubRight,GestureStubLeft,pip-dismiss-overlay,GestureStub,control_center,NotificationModalWindowManager,NotificationShade,StatusBar,ShellDropTarget,InputMethod
[38;5;0m[HTTP][0m [37m<-- GET /wd/hub/session/fec81ae8-e7d4-4d52-b0c8-bc9f89e9f69c/appium/device/system_bars [39m[32m200[39m [90m161 ms - 144[39m
[38;5;0m[HTTP][0m [90m[39m
[38;5;0m[HTTP][0m [37m-->[39m [37mPOST[39m [37m/wd/hub/session/fec81ae8-e7d4-4d52-b0c8-bc9f89e9f69c/appium/device/activate_app[39m
[38;5;0m[HTTP][0m [90m{"bundleId":"id.indocyber.level_up"}[39m
[38;5;0m[HTTP][0m [37m<-- POST /wd/hub/session/fec81ae8-e7d4-4d52-b0c8-bc9f89e9f69c/appium/device/activate_app [39m[32m200[39m [90m276 ms - 14[39m
[38;5;0m[HTTP][0m [90m[39m
[38;5;0m[HTTP][0m [37m-->[39m [37mGET[39m [37m/wd/hub/session/fec81ae8-e7d4-4d52-b0c8-bc9f89e9f69c/source[39m
[38;5;0m[HTTP][0m [90m{}[39m
[38;5;48m[AndroidUiautomator2Driver@07f7 (fec81ae8)][0m Driver proxy active, passing request on via HTTP proxy
[38;5;48m[AndroidUiautomator2Driver@07f7 (fec81ae8)][0m Replacing sessionId 07dba5bd-df91-4fb9-af33-5aa625467aae with fec81ae8-e7d4-4d52-b0c8-bc9f89e9f69c
[38;5;0m[HTTP][0m [37m<-- GET /wd/hub/session/fec81ae8-e7d4-4d52-b0c8-bc9f89e9f69c/source [39m[32m200[39m [90m736 ms - 15003[39m
[38;5;0m[HTTP][0m [90m[39m
[38;5;0m[HTTP][0m [37m-->[39m [37mGET[39m [37m/wd/hub/session/fec81ae8-e7d4-4d52-b0c8-bc9f89e9f69c/screenshot[39m
[38;5;0m[HTTP][0m [90m{}[39m
[38;5;0m[HTTP][0m [37m<-- GET /wd/hub/session/fec81ae8-e7d4-4d52-b0c8-bc9f89e9f69c/screenshot [39m[32m200[39m [90m512 ms - 38732[39m
[38;5;0m[HTTP][0m [90m[39m
[38;5;0m[HTTP][0m [37m-->[39m [37mGET[39m [37m/wd/hub/session/fec81ae8-e7d4-4d52-b0c8-bc9f89e9f69c/source[39m
[38;5;0m[HTTP][0m [90m{}[39m
[38;5;48m[AndroidUiautomator2Driver@07f7 (fec81ae8)][0m Driver proxy active, passing request on via HTTP proxy
[38;5;48m[AndroidUiautomator2Driver@07f7 (fec81ae8)][0m Replacing sessionId 07dba5bd-df91-4fb9-af33-5aa625467aae with fec81ae8-e7d4-4d52-b0c8-bc9f89e9f69c
[38;5;0m[HTTP][0m [37m<-- GET /wd/hub/session/fec81ae8-e7d4-4d52-b0c8-bc9f89e9f69c/source [39m[32m200[39m [90m456 ms - 7787[39m
[38;5;0m[HTTP][0m [90m[39m
[38;5;0m[HTTP][0m [37m-->[39m [37mGET[39m [37m/wd/hub/session/fec81ae8-e7d4-4d52-b0c8-bc9f89e9f69c/screenshot[39m
[38;5;0m[HTTP][0m [90m{}[39m
[38;5;0m[HTTP][0m [37m<-- GET /wd/hub/session/fec81ae8-e7d4-4d52-b0c8-bc9f89e9f69c/screenshot [39m[32m200[39m [90m749 ms - 174920[39m
[38;5;0m[HTTP][0m [90m[39m
[38;5;0m[HTTP][0m [37m-->[39m [37mPOST[39m [37m/wd/hub/session/fec81ae8-e7d4-4d52-b0c8-bc9f89e9f69c/elements[39m
[38;5;0m[HTTP][0m [90m{"using":"xpath","value":"//*[@class = 'android.widget.EditText' and (@text = 'administrator' or . = 'administrator') and @resource-id = '']"}[39m
[38;5;0m[HTTP][0m [37m<-- POST /wd/hub/session/fec81ae8-e7d4-4d52-b0c8-bc9f89e9f69c/elements [39m[32m200[39m [90m915 ms - 139[39m
[38;5;0m[HTTP][0m [90m[39m
[38;5;0m[HTTP][0m [37m-->[39m [37mPOST[39m [37m/wd/hub/session/fec81ae8-e7d4-4d52-b0c8-bc9f89e9f69c/elements[39m
[38;5;0m[HTTP][0m [90m{"using":"xpath","value":"//*[@class = 'android.widget.EditText' and (@text = 'administrator' or . = 'administrator') and @resource-id = '']"}[39m
[38;5;0m[HTTP][0m [37m<-- POST /wd/hub/session/fec81ae8-e7d4-4d52-b0c8-bc9f89e9f69c/elements [39m[32m200[39m [90m145 ms - 139[39m
[38;5;0m[HTTP][0m [90m[39m
[38;5;0m[HTTP][0m [37m-->[39m [37mGET[39m [37m/wd/hub/session/fec81ae8-e7d4-4d52-b0c8-bc9f89e9f69c/source[39m
[38;5;0m[HTTP][0m [90m{}[39m
[38;5;48m[AndroidUiautomator2Driver@07f7 (fec81ae8)][0m Driver proxy active, passing request on via HTTP proxy
[38;5;48m[AndroidUiautomator2Driver@07f7 (fec81ae8)][0m Replacing sessionId 07dba5bd-df91-4fb9-af33-5aa625467aae with fec81ae8-e7d4-4d52-b0c8-bc9f89e9f69c
[38;5;0m[HTTP][0m [37m<-- GET /wd/hub/session/fec81ae8-e7d4-4d52-b0c8-bc9f89e9f69c/source [39m[32m200[39m [90m135 ms - 7787[39m
[38;5;0m[HTTP][0m [90m[39m
[38;5;0m[HTTP][0m [37m-->[39m [37mGET[39m [37m/wd/hub/session/fec81ae8-e7d4-4d52-b0c8-bc9f89e9f69c/screenshot[39m
[38;5;0m[HTTP][0m [90m{}[39m
[38;5;0m[HTTP][0m [37m<-- GET /wd/hub/session/fec81ae8-e7d4-4d52-b0c8-bc9f89e9f69c/screenshot [39m[32m200[39m [90m714 ms - 174832[39m
[38;5;0m[HTTP][0m [90m[39m
[38;5;0m[HTTP][0m [37m-->[39m [37mPOST[39m [37m/wd/hub/session/fec81ae8-e7d4-4d52-b0c8-bc9f89e9f69c/elements[39m
[38;5;0m[HTTP][0m [90m{"using":"xpath","value":"//*[@class = 'android.widget.EditText' and (@text = '••••••••••' or . = '••••••••••') and @resource-id = '']"}[39m
[38;5;0m[HTTP][0m [37m<-- POST /wd/hub/session/fec81ae8-e7d4-4d52-b0c8-bc9f89e9f69c/elements [39m[32m200[39m [90m455 ms - 139[39m
[38;5;0m[HTTP][0m [90m[39m
[38;5;0m[HTTP][0m [37m-->[39m [37mPOST[39m [37m/wd/hub/session/fec81ae8-e7d4-4d52-b0c8-bc9f89e9f69c/elements[39m
[38;5;0m[HTTP][0m [90m{"using":"xpath","value":"//*[@class = 'android.widget.EditText' and (@text = '••••••••••' or . = '••••••••••') and @resource-id = '']"}[39m
[38;5;0m[HTTP][0m [37m<-- POST /wd/hub/session/fec81ae8-e7d4-4d52-b0c8-bc9f89e9f69c/elements [39m[32m200[39m [90m256 ms - 139[39m
[38;5;0m[HTTP][0m [90m[39m
[38;5;0m[HTTP][0m [37m-->[39m [37mGET[39m [37m/wd/hub/session/fec81ae8-e7d4-4d52-b0c8-bc9f89e9f69c/source[39m
[38;5;0m[HTTP][0m [90m{}[39m
[38;5;48m[AndroidUiautomator2Driver@07f7 (fec81ae8)][0m Driver proxy active, passing request on via HTTP proxy
[38;5;48m[AndroidUiautomator2Driver@07f7 (fec81ae8)][0m Replacing sessionId 07dba5bd-df91-4fb9-af33-5aa625467aae with fec81ae8-e7d4-4d52-b0c8-bc9f89e9f69c
[38;5;0m[HTTP][0m [37m<-- GET /wd/hub/session/fec81ae8-e7d4-4d52-b0c8-bc9f89e9f69c/source [39m[32m200[39m [90m194 ms - 7787[39m
[38;5;0m[HTTP][0m [90m[39m
[38;5;0m[HTTP][0m [37m-->[39m [37mGET[39m [37m/wd/hub/session/fec81ae8-e7d4-4d52-b0c8-bc9f89e9f69c/screenshot[39m
[38;5;0m[HTTP][0m [90m{}[39m
[38;5;0m[HTTP][0m [37m<-- GET /wd/hub/session/fec81ae8-e7d4-4d52-b0c8-bc9f89e9f69c/screenshot [39m[32m200[39m [90m676 ms - 175072[39m
[38;5;0m[HTTP][0m [90m[39m
[38;5;0m[HTTP][0m [37m-->[39m [37mDELETE[39m [37m/wd/hub/session/fec81ae8-e7d4-4d52-b0c8-bc9f89e9f69c[39m
[38;5;0m[HTTP][0m [90m{}[39m
[38;5;16m[AppiumDriver@421d][0m Removing session fec81ae8-e7d4-4d52-b0c8-bc9f89e9f69c from our master session list
[38;5;48m[AndroidUiautomator2Driver@07f7 (fec81ae8)][0m Did not get confirmation UiAutomator2 deleteSession worked; Error was: UnknownError: An unknown server-side error occurred while processing the command. Original error: 'DELETE /' cannot be proxied to UiAutomator2 server because the instrumentation process is not running (probably crashed). Check the server log and/or the logcat output for more details
[38;5;48m[AndroidUiautomator2Driver@07f7 (fec81ae8)][0m Restoring hidden api policy to the device default configuration
[38;5;0m[HTTP][0m [37m<-- DELETE /wd/hub/session/fec81ae8-e7d4-4d52-b0c8-bc9f89e9f69c [39m[32m200[39m [90m656 ms - 14[39m
[38;5;0m[HTTP][0m [90m[39m
