[35m[Appium][39m Welcome to Appium v1.22.3
[35m[Appium][39m Non-default server args:
[35m[Appium][39m   port: 49563
[35m[Appium][39m   loglevel: info
[35m[Appium][39m   tmpDir: C:\Users\0767\AppData\Local\Temp\\Katalon\Appium\Temp1719199456311
[35m[Appium][39m Appium REST http interface listener started on 0.0.0.0:49563
[35m[HTTP][39m [37m-->[39m [37mGET[39m [37m/wd/hub/status[39m
[35m[HTTP][39m [90m{}[39m
[35m[HTTP][39m [37m<-- GET /wd/hub/status [39m[32m200[39m [90m6 ms - 68[39m
[35m[HTTP][39m [90m[39m
[35m[HTTP][39m [37m-->[39m [37mPOST[39m [37m/wd/hub/session[39m
[35m[HTTP][39m [90m{"desiredCapabilities":{"appActivity":".Settings","appPackage":"com.android.settings","newCommandTimeout":1800,"platformVersion":"7.1.2","automationName":"uiautomator2","autoGrantPermissions":true,"platformName":"Android","udid":"emulator-5554","deviceName":"emulator-5554 (SM-S908N - Android 7.1.2)","systemPort":8215},"capabilities":{"firstMatch":[{"appium:appActivity":".Settings","appium:appPackage":"com.android.settings","appium:autoGrantPermissions":true,"appium:automationName":"uiautomator2","appium:deviceName":"emulator-5554 (SM-S908N - Android 7.1.2)","appium:newCommandTimeout":1800,"platformName":"android","appium:platformVersion":"7.1.2","appium:systemPort":8215,"appium:udid":"emulator-5554"}]}}[39m
[35m[Appium][39m Appium v1.22.3 creating new AndroidUiautomator2Driver (v1.70.1) session
[35m[BaseDriver][39m Session created with session id: 7782fa8a-fb81-46fa-a61d-7071f7e8a2ee
[35m[UiAutomator2][39m Starting 'com.android.settings' directly on the device
[35m[ADB][39m Found 1 'build-tools' folders under 'C:\Users\0767\.katalon\tools\android_sdk' (newest first):
[35m[ADB][39m     C:/Users/0767/.katalon/tools/android_sdk/build-tools/29.0.3
[35m[ADB][39m Using 'adb.exe' from 'C:\Users\0767\.katalon\tools\android_sdk\platform-tools\adb.exe'
[35m[AndroidDriver][39m Retrieving device list
[35m[AndroidDriver][39m Using device: emulator-5554
[35m[ADB][39m Using 'adb.exe' from 'C:\Users\0767\.katalon\tools\android_sdk\platform-tools\adb.exe'
[35m[AndroidDriver][39m No app sent in, not parsing package/activity
[35m[ADB][39m Using 'apksigner.jar' from 'C:\Users\0767\.katalon\tools\android_sdk\build-tools\29.0.3\lib\apksigner.jar'
[35m[ADB][39m 'C:\Users\0767\AppData\Roaming\npm\node_modules\appium\node_modules\appium-uiautomator2-server\apks\appium-uiautomator2-server-v4.27.0.apk' is signed with the default certificate
[35m[ADB][39m 'C:\Users\0767\AppData\Roaming\npm\node_modules\appium\node_modules\appium-uiautomator2-server\apks\appium-uiautomator2-server-debug-androidTest.apk' is signed with the default certificate
[35m[UiAutomator2][39m Server packages are not going to be (re)installed
[35m[ADB][39m Adding packages ["io.appium.settings","io.appium.uiautomator2.server","io.appium.uiautomator2.server.test"] to Doze whitelist
[35m[UiAutomator2][39m Starting UIAutomator2 server 4.27.0
[35m[UiAutomator2][39m Using UIAutomator2 server from 'C:\Users\0767\AppData\Roaming\npm\node_modules\appium\node_modules\appium-uiautomator2-server\apks\appium-uiautomator2-server-v4.27.0.apk' and test from 'C:\Users\0767\AppData\Roaming\npm\node_modules\appium\node_modules\appium-uiautomator2-server\apks\appium-uiautomator2-server-debug-androidTest.apk'
[35m[UiAutomator2][39m Waiting up to 30000ms for UiAutomator2 to be online...
[35m[WD Proxy][39m socket hang up
[35m[WD Proxy][39m socket hang up
[35m[WD Proxy][39m Determined the downstream protocol as 'W3C'
[35m[AndroidDriver][39m Screen already unlocked, doing nothing
[35m[UiAutomator2][39m Starting 'com.android.settings/.Settings and waiting for 'com.android.settings/.Settings'
[35m[Appium][39m New AndroidUiautomator2Driver session created successfully, session 7782fa8a-fb81-46fa-a61d-7071f7e8a2ee added to master session list
[35m[HTTP][39m [37m<-- POST /wd/hub/session [39m[32m200[39m [90m10495 ms - 1106[39m
[35m[HTTP][39m [90m[39m
[35m[HTTP][39m [37m-->[39m [37mGET[39m [37m/wd/hub/session/7782fa8a-fb81-46fa-a61d-7071f7e8a2ee[39m
[35m[HTTP][39m [90m{}[39m
[35m[HTTP][39m [37m<-- GET /wd/hub/session/7782fa8a-fb81-46fa-a61d-7071f7e8a2ee [39m[32m200[39m [90m8 ms - 1060[39m
[35m[HTTP][39m [90m[39m
[35m[HTTP][39m [37m-->[39m [37mGET[39m [37m/wd/hub/session/7782fa8a-fb81-46fa-a61d-7071f7e8a2ee[39m
[35m[HTTP][39m [90m{}[39m
[35m[HTTP][39m [37m<-- GET /wd/hub/session/7782fa8a-fb81-46fa-a61d-7071f7e8a2ee [39m[32m200[39m [90m10 ms - 1060[39m
[35m[HTTP][39m [90m[39m
[35m[HTTP][39m [37m-->[39m [37mGET[39m [37m/wd/hub/status[39m
[35m[HTTP][39m [90m{}[39m
[35m[HTTP][39m [37m<-- GET /wd/hub/status [39m[32m200[39m [90m1 ms - 68[39m
[35m[HTTP][39m [90m[39m
[35m[HTTP][39m [37m-->[39m [37mPOST[39m [37m/wd/hub/session/7782fa8a-fb81-46fa-a61d-7071f7e8a2ee/timeouts[39m
[35m[HTTP][39m [90m{"implicit":30000}[39m
[35m[HTTP][39m [37m<-- POST /wd/hub/session/7782fa8a-fb81-46fa-a61d-7071f7e8a2ee/timeouts [39m[32m200[39m [90m2 ms - 14[39m
[35m[HTTP][39m [90m[39m
[35m[HTTP][39m [37m-->[39m [37mGET[39m [37m/wd/hub/session/7782fa8a-fb81-46fa-a61d-7071f7e8a2ee/appium/device/system_bars[39m
[35m[HTTP][39m [90m{}[39m
[35m[HTTP][39m [37m<-- GET /wd/hub/session/7782fa8a-fb81-46fa-a61d-7071f7e8a2ee/appium/device/system_bars [39m[31m500[39m [90m94 ms - 645[39m
[35m[HTTP][39m [90m[39m
[35m[HTTP][39m [37m-->[39m [37mPOST[39m [37m/wd/hub/session/7782fa8a-fb81-46fa-a61d-7071f7e8a2ee/execute/sync[39m
[35m[HTTP][39m [90m{"script":"mobile:viewportRect","args":[]}[39m
[35m[AndroidDriver][39m Executing native command 'mobile:viewportRect'
[35m[HTTP][39m [37m<-- POST /wd/hub/session/7782fa8a-fb81-46fa-a61d-7071f7e8a2ee/execute/sync [39m[32m200[39m [90m15 ms - 56[39m
[35m[HTTP][39m [90m[39m
[35m[HTTP][39m [37m-->[39m [37mPOST[39m [37m/wd/hub/session/7782fa8a-fb81-46fa-a61d-7071f7e8a2ee/appium/device/activate_app[39m
[35m[HTTP][39m [90m{"bundleId":"id.indocyber.level_up"}[39m
[35m[HTTP][39m [37m<-- POST /wd/hub/session/7782fa8a-fb81-46fa-a61d-7071f7e8a2ee/appium/device/activate_app [39m[32m200[39m [90m584 ms - 14[39m
[35m[HTTP][39m [90m[39m
[35m[HTTP][39m [37m-->[39m [37mPOST[39m [37m/wd/hub/session/7782fa8a-fb81-46fa-a61d-7071f7e8a2ee/timeouts[39m
[35m[HTTP][39m [90m{"implicit":50}[39m
[35m[HTTP][39m [37m<-- POST /wd/hub/session/7782fa8a-fb81-46fa-a61d-7071f7e8a2ee/timeouts [39m[32m200[39m [90m2 ms - 14[39m
[35m[HTTP][39m [90m[39m
[35m[HTTP][39m [37m-->[39m [37mGET[39m [37m/wd/hub/session/7782fa8a-fb81-46fa-a61d-7071f7e8a2ee/window/rect[39m
[35m[HTTP][39m [90m{}[39m
[35m[HTTP][39m [37m<-- GET /wd/hub/session/7782fa8a-fb81-46fa-a61d-7071f7e8a2ee/window/rect [39m[32m200[39m [90m10 ms - 50[39m
[35m[HTTP][39m [90m[39m
[35m[HTTP][39m [37m-->[39m [37mPOST[39m [37m/wd/hub/session/7782fa8a-fb81-46fa-a61d-7071f7e8a2ee/elements[39m
[35m[HTTP][39m [90m{"using":"xpath","value":"//hierarchy/android.widget.FrameLayout[1]/android.widget.LinearLayout[1]/android.widget.FrameLayout[1]/android.widget.FrameLayout[1]/android.view.View[1]/android.view.View[1]/android.view.View[1]/android.view.View[1]/android.view.View[1]/android.widget.EditText[1][count(. | //*[@class = 'android.widget.EditText']) = count(//*[@class = 'android.widget.EditText'])]"}[39m
[35m[HTTP][39m [37m<-- POST /wd/hub/session/7782fa8a-fb81-46fa-a61d-7071f7e8a2ee/elements [39m[32m200[39m [90m821 ms - 12[39m
[35m[HTTP][39m [90m[39m
[35m[HTTP][39m [37m-->[39m [37mPOST[39m [37m/wd/hub/session/7782fa8a-fb81-46fa-a61d-7071f7e8a2ee/elements[39m
[35m[HTTP][39m [90m{"using":"xpath","value":"//hierarchy/android.widget.FrameLayout[1]/android.widget.LinearLayout[1]/android.widget.FrameLayout[1]/android.widget.FrameLayout[1]/android.view.View[1]/android.view.View[1]/android.view.View[1]/android.view.View[1]/android.view.View[1]/android.widget.EditText[1][count(. | //*[@class = 'android.widget.EditText']) = count(//*[@class = 'android.widget.EditText'])]"}[39m
[35m[HTTP][39m [37m<-- POST /wd/hub/session/7782fa8a-fb81-46fa-a61d-7071f7e8a2ee/elements [39m[32m200[39m [90m417 ms - 12[39m
[35m[HTTP][39m [90m[39m
[35m[HTTP][39m [37m-->[39m [37mPOST[39m [37m/wd/hub/session/7782fa8a-fb81-46fa-a61d-7071f7e8a2ee/elements[39m
[35m[HTTP][39m [90m{"using":"xpath","value":"//hierarchy/android.widget.FrameLayout[1]/android.widget.LinearLayout[1]/android.widget.FrameLayout[1]/android.widget.FrameLayout[1]/android.view.View[1]/android.view.View[1]/android.view.View[1]/android.view.View[1]/android.view.View[1]/android.widget.EditText[1][count(. | //*[@class = 'android.widget.EditText']) = count(//*[@class = 'android.widget.EditText'])]"}[39m
[35m[HTTP][39m [37m<-- POST /wd/hub/session/7782fa8a-fb81-46fa-a61d-7071f7e8a2ee/elements [39m[32m200[39m [90m84 ms - 12[39m
[35m[HTTP][39m [90m[39m
[35m[HTTP][39m [37m-->[39m [37mPOST[39m [37m/wd/hub/session/7782fa8a-fb81-46fa-a61d-7071f7e8a2ee/elements[39m
[35m[HTTP][39m [90m{"using":"xpath","value":"//hierarchy/android.widget.FrameLayout[1]/android.widget.LinearLayout[1]/android.widget.FrameLayout[1]/android.widget.FrameLayout[1]/android.view.View[1]/android.view.View[1]/android.view.View[1]/android.view.View[1]/android.view.View[1]/android.widget.EditText[1][count(. | //*[@class = 'android.widget.EditText']) = count(//*[@class = 'android.widget.EditText'])]"}[39m
[35m[HTTP][39m [37m<-- POST /wd/hub/session/7782fa8a-fb81-46fa-a61d-7071f7e8a2ee/elements [39m[32m200[39m [90m84 ms - 12[39m
[35m[HTTP][39m [90m[39m
[35m[HTTP][39m [37m-->[39m [37mPOST[39m [37m/wd/hub/session/7782fa8a-fb81-46fa-a61d-7071f7e8a2ee/elements[39m
[35m[HTTP][39m [90m{"using":"xpath","value":"//hierarchy/android.widget.FrameLayout[1]/android.widget.LinearLayout[1]/android.widget.FrameLayout[1]/android.widget.FrameLayout[1]/android.view.View[1]/android.view.View[1]/android.view.View[1]/android.view.View[1]/android.view.View[1]/android.widget.EditText[1][count(. | //*[@class = 'android.widget.EditText']) = count(//*[@class = 'android.widget.EditText'])]"}[39m
[35m[HTTP][39m [37m<-- POST /wd/hub/session/7782fa8a-fb81-46fa-a61d-7071f7e8a2ee/elements [39m[32m200[39m [90m91 ms - 12[39m
[35m[HTTP][39m [90m[39m
[35m[HTTP][39m [37m-->[39m [37mPOST[39m [37m/wd/hub/session/7782fa8a-fb81-46fa-a61d-7071f7e8a2ee/elements[39m
[35m[HTTP][39m [90m{"using":"xpath","value":"//hierarchy/android.widget.FrameLayout[1]/android.widget.LinearLayout[1]/android.widget.FrameLayout[1]/android.widget.FrameLayout[1]/android.view.View[1]/android.view.View[1]/android.view.View[1]/android.view.View[1]/android.view.View[1]/android.widget.EditText[1][count(. | //*[@class = 'android.widget.EditText']) = count(//*[@class = 'android.widget.EditText'])]"}[39m
[35m[HTTP][39m [37m<-- POST /wd/hub/session/7782fa8a-fb81-46fa-a61d-7071f7e8a2ee/elements [39m[32m200[39m [90m80 ms - 12[39m
[35m[HTTP][39m [90m[39m
[35m[HTTP][39m [37m-->[39m [37mPOST[39m [37m/wd/hub/session/7782fa8a-fb81-46fa-a61d-7071f7e8a2ee/elements[39m
[35m[HTTP][39m [90m{"using":"xpath","value":"//hierarchy/android.widget.FrameLayout[1]/android.widget.LinearLayout[1]/android.widget.FrameLayout[1]/android.widget.FrameLayout[1]/android.view.View[1]/android.view.View[1]/android.view.View[1]/android.view.View[1]/android.view.View[1]/android.widget.EditText[1][count(. | //*[@class = 'android.widget.EditText']) = count(//*[@class = 'android.widget.EditText'])]"}[39m
[35m[HTTP][39m [37m<-- POST /wd/hub/session/7782fa8a-fb81-46fa-a61d-7071f7e8a2ee/elements [39m[32m200[39m [90m85 ms - 12[39m
[35m[HTTP][39m [90m[39m
[35m[HTTP][39m [37m-->[39m [37mPOST[39m [37m/wd/hub/session/7782fa8a-fb81-46fa-a61d-7071f7e8a2ee/elements[39m
[35m[HTTP][39m [90m{"using":"xpath","value":"//hierarchy/android.widget.FrameLayout[1]/android.widget.LinearLayout[1]/android.widget.FrameLayout[1]/android.widget.FrameLayout[1]/android.view.View[1]/android.view.View[1]/android.view.View[1]/android.view.View[1]/android.view.View[1]/android.widget.EditText[1][count(. | //*[@class = 'android.widget.EditText']) = count(//*[@class = 'android.widget.EditText'])]"}[39m
[35m[HTTP][39m [37m<-- POST /wd/hub/session/7782fa8a-fb81-46fa-a61d-7071f7e8a2ee/elements [39m[32m200[39m [90m83 ms - 12[39m
[35m[HTTP][39m [90m[39m
[35m[HTTP][39m [37m-->[39m [37mPOST[39m [37m/wd/hub/session/7782fa8a-fb81-46fa-a61d-7071f7e8a2ee/elements[39m
[35m[HTTP][39m [90m{"using":"xpath","value":"//hierarchy/android.widget.FrameLayout[1]/android.widget.LinearLayout[1]/android.widget.FrameLayout[1]/android.widget.FrameLayout[1]/android.view.View[1]/android.view.View[1]/android.view.View[1]/android.view.View[1]/android.view.View[1]/android.widget.EditText[1][count(. | //*[@class = 'android.widget.EditText']) = count(//*[@class = 'android.widget.EditText'])]"}[39m
[35m[HTTP][39m [37m<-- POST /wd/hub/session/7782fa8a-fb81-46fa-a61d-7071f7e8a2ee/elements [39m[32m200[39m [90m80 ms - 12[39m
[35m[HTTP][39m [90m[39m
[35m[HTTP][39m [37m-->[39m [37mPOST[39m [37m/wd/hub/session/7782fa8a-fb81-46fa-a61d-7071f7e8a2ee/elements[39m
[35m[HTTP][39m [90m{"using":"xpath","value":"//hierarchy/android.widget.FrameLayout[1]/android.widget.LinearLayout[1]/android.widget.FrameLayout[1]/android.widget.FrameLayout[1]/android.view.View[1]/android.view.View[1]/android.view.View[1]/android.view.View[1]/android.view.View[1]/android.widget.EditText[1][count(. | //*[@class = 'android.widget.EditText']) = count(//*[@class = 'android.widget.EditText'])]"}[39m
[35m[HTTP][39m [37m<-- POST /wd/hub/session/7782fa8a-fb81-46fa-a61d-7071f7e8a2ee/elements [39m[32m200[39m [90m83 ms - 12[39m
[35m[HTTP][39m [90m[39m
[35m[HTTP][39m [37m-->[39m [37mPOST[39m [37m/wd/hub/session/7782fa8a-fb81-46fa-a61d-7071f7e8a2ee/elements[39m
[35m[HTTP][39m [90m{"using":"xpath","value":"//hierarchy/android.widget.FrameLayout[1]/android.widget.LinearLayout[1]/android.widget.FrameLayout[1]/android.widget.FrameLayout[1]/android.view.View[1]/android.view.View[1]/android.view.View[1]/android.view.View[1]/android.view.View[1]/android.widget.EditText[1][count(. | //*[@class = 'android.widget.EditText']) = count(//*[@class = 'android.widget.EditText'])]"}[39m
[35m[HTTP][39m [37m<-- POST /wd/hub/session/7782fa8a-fb81-46fa-a61d-7071f7e8a2ee/elements [39m[32m200[39m [90m87 ms - 12[39m
[35m[HTTP][39m [90m[39m
[35m[HTTP][39m [37m-->[39m [37mPOST[39m [37m/wd/hub/session/7782fa8a-fb81-46fa-a61d-7071f7e8a2ee/elements[39m
[35m[HTTP][39m [90m{"using":"xpath","value":"//hierarchy/android.widget.FrameLayout[1]/android.widget.LinearLayout[1]/android.widget.FrameLayout[1]/android.widget.FrameLayout[1]/android.view.View[1]/android.view.View[1]/android.view.View[1]/android.view.View[1]/android.view.View[1]/android.widget.EditText[1][count(. | //*[@class = 'android.widget.EditText']) = count(//*[@class = 'android.widget.EditText'])]"}[39m
[35m[HTTP][39m [37m<-- POST /wd/hub/session/7782fa8a-fb81-46fa-a61d-7071f7e8a2ee/elements [39m[32m200[39m [90m84 ms - 12[39m
[35m[HTTP][39m [90m[39m
[35m[HTTP][39m [37m-->[39m [37mPOST[39m [37m/wd/hub/session/7782fa8a-fb81-46fa-a61d-7071f7e8a2ee/elements[39m
[35m[HTTP][39m [90m{"using":"xpath","value":"//hierarchy/android.widget.FrameLayout[1]/android.widget.LinearLayout[1]/android.widget.FrameLayout[1]/android.widget.FrameLayout[1]/android.view.View[1]/android.view.View[1]/android.view.View[1]/android.view.View[1]/android.view.View[1]/android.widget.EditText[1][count(. | //*[@class = 'android.widget.EditText']) = count(//*[@class = 'android.widget.EditText'])]"}[39m
[35m[HTTP][39m [37m<-- POST /wd/hub/session/7782fa8a-fb81-46fa-a61d-7071f7e8a2ee/elements [39m[32m200[39m [90m80 ms - 12[39m
[35m[HTTP][39m [90m[39m
[35m[HTTP][39m [37m-->[39m [37mPOST[39m [37m/wd/hub/session/7782fa8a-fb81-46fa-a61d-7071f7e8a2ee/elements[39m
[35m[HTTP][39m [90m{"using":"xpath","value":"//hierarchy/android.widget.FrameLayout[1]/android.widget.LinearLayout[1]/android.widget.FrameLayout[1]/android.widget.FrameLayout[1]/android.view.View[1]/android.view.View[1]/android.view.View[1]/android.view.View[1]/android.view.View[1]/android.widget.EditText[1][count(. | //*[@class = 'android.widget.EditText']) = count(//*[@class = 'android.widget.EditText'])]"}[39m
[35m[HTTP][39m [37m<-- POST /wd/hub/session/7782fa8a-fb81-46fa-a61d-7071f7e8a2ee/elements [39m[32m200[39m [90m83 ms - 12[39m
[35m[HTTP][39m [90m[39m
[35m[HTTP][39m [37m-->[39m [37mPOST[39m [37m/wd/hub/session/7782fa8a-fb81-46fa-a61d-7071f7e8a2ee/elements[39m
[35m[HTTP][39m [90m{"using":"xpath","value":"//hierarchy/android.widget.FrameLayout[1]/android.widget.LinearLayout[1]/android.widget.FrameLayout[1]/android.widget.FrameLayout[1]/android.view.View[1]/android.view.View[1]/android.view.View[1]/android.view.View[1]/android.view.View[1]/android.widget.EditText[1][count(. | //*[@class = 'android.widget.EditText']) = count(//*[@class = 'android.widget.EditText'])]"}[39m
[35m[HTTP][39m [37m<-- POST /wd/hub/session/7782fa8a-fb81-46fa-a61d-7071f7e8a2ee/elements [39m[32m200[39m [90m77 ms - 12[39m
[35m[HTTP][39m [90m[39m
[35m[HTTP][39m [37m-->[39m [37mPOST[39m [37m/wd/hub/session/7782fa8a-fb81-46fa-a61d-7071f7e8a2ee/elements[39m
[35m[HTTP][39m [90m{"using":"xpath","value":"//hierarchy/android.widget.FrameLayout[1]/android.widget.LinearLayout[1]/android.widget.FrameLayout[1]/android.widget.FrameLayout[1]/android.view.View[1]/android.view.View[1]/android.view.View[1]/android.view.View[1]/android.view.View[1]/android.widget.EditText[1][count(. | //*[@class = 'android.widget.EditText']) = count(//*[@class = 'android.widget.EditText'])]"}[39m
[35m[HTTP][39m [37m<-- POST /wd/hub/session/7782fa8a-fb81-46fa-a61d-7071f7e8a2ee/elements [39m[32m200[39m [90m71 ms - 12[39m
[35m[HTTP][39m [90m[39m
[35m[HTTP][39m [37m-->[39m [37mPOST[39m [37m/wd/hub/session/7782fa8a-fb81-46fa-a61d-7071f7e8a2ee/elements[39m
[35m[HTTP][39m [90m{"using":"xpath","value":"//hierarchy/android.widget.FrameLayout[1]/android.widget.LinearLayout[1]/android.widget.FrameLayout[1]/android.widget.FrameLayout[1]/android.view.View[1]/android.view.View[1]/android.view.View[1]/android.view.View[1]/android.view.View[1]/android.widget.EditText[1][count(. | //*[@class = 'android.widget.EditText']) = count(//*[@class = 'android.widget.EditText'])]"}[39m
[35m[HTTP][39m [37m<-- POST /wd/hub/session/7782fa8a-fb81-46fa-a61d-7071f7e8a2ee/elements [39m[32m200[39m [90m85 ms - 12[39m
[35m[HTTP][39m [90m[39m
[35m[HTTP][39m [37m-->[39m [37mPOST[39m [37m/wd/hub/session/7782fa8a-fb81-46fa-a61d-7071f7e8a2ee/elements[39m
[35m[HTTP][39m [90m{"using":"xpath","value":"//hierarchy/android.widget.FrameLayout[1]/android.widget.LinearLayout[1]/android.widget.FrameLayout[1]/android.widget.FrameLayout[1]/android.view.View[1]/android.view.View[1]/android.view.View[1]/android.view.View[1]/android.view.View[1]/android.widget.EditText[1][count(. | //*[@class = 'android.widget.EditText']) = count(//*[@class = 'android.widget.EditText'])]"}[39m
[35m[HTTP][39m [37m<-- POST /wd/hub/session/7782fa8a-fb81-46fa-a61d-7071f7e8a2ee/elements [39m[32m200[39m [90m88 ms - 12[39m
[35m[HTTP][39m [90m[39m
[35m[HTTP][39m [37m-->[39m [37mPOST[39m [37m/wd/hub/session/7782fa8a-fb81-46fa-a61d-7071f7e8a2ee/elements[39m
[35m[HTTP][39m [90m{"using":"xpath","value":"//hierarchy/android.widget.FrameLayout[1]/android.widget.LinearLayout[1]/android.widget.FrameLayout[1]/android.widget.FrameLayout[1]/android.view.View[1]/android.view.View[1]/android.view.View[1]/android.view.View[1]/android.view.View[1]/android.widget.EditText[1][count(. | //*[@class = 'android.widget.EditText']) = count(//*[@class = 'android.widget.EditText'])]"}[39m
[35m[HTTP][39m [37m<-- POST /wd/hub/session/7782fa8a-fb81-46fa-a61d-7071f7e8a2ee/elements [39m[32m200[39m [90m53 ms - 12[39m
[35m[HTTP][39m [90m[39m
[35m[HTTP][39m [37m-->[39m [37mPOST[39m [37m/wd/hub/session/7782fa8a-fb81-46fa-a61d-7071f7e8a2ee/elements[39m
[35m[HTTP][39m [90m{"using":"xpath","value":"//hierarchy/android.widget.FrameLayout[1]/android.widget.LinearLayout[1]/android.widget.FrameLayout[1]/android.widget.FrameLayout[1]/android.view.View[1]/android.view.View[1]/android.view.View[1]/android.view.View[1]/android.view.View[1]/android.widget.EditText[1][count(. | //*[@class = 'android.widget.EditText']) = count(//*[@class = 'android.widget.EditText'])]"}[39m
[35m[HTTP][39m [37m<-- POST /wd/hub/session/7782fa8a-fb81-46fa-a61d-7071f7e8a2ee/elements [39m[32m200[39m [90m63 ms - 12[39m
[35m[HTTP][39m [90m[39m
[35m[HTTP][39m [37m-->[39m [37mPOST[39m [37m/wd/hub/session/7782fa8a-fb81-46fa-a61d-7071f7e8a2ee/elements[39m
[35m[HTTP][39m [90m{"using":"xpath","value":"//hierarchy/android.widget.FrameLayout[1]/android.widget.LinearLayout[1]/android.widget.FrameLayout[1]/android.widget.FrameLayout[1]/android.view.View[1]/android.view.View[1]/android.view.View[1]/android.view.View[1]/android.view.View[1]/android.widget.EditText[1][count(. | //*[@class = 'android.widget.EditText']) = count(//*[@class = 'android.widget.EditText'])]"}[39m
[35m[HTTP][39m [37m<-- POST /wd/hub/session/7782fa8a-fb81-46fa-a61d-7071f7e8a2ee/elements [39m[32m200[39m [90m63 ms - 12[39m
[35m[HTTP][39m [90m[39m
[35m[HTTP][39m [37m-->[39m [37mPOST[39m [37m/wd/hub/session/7782fa8a-fb81-46fa-a61d-7071f7e8a2ee/elements[39m
[35m[HTTP][39m [90m{"using":"xpath","value":"//hierarchy/android.widget.FrameLayout[1]/android.widget.LinearLayout[1]/android.widget.FrameLayout[1]/android.widget.FrameLayout[1]/android.view.View[1]/android.view.View[1]/android.view.View[1]/android.view.View[1]/android.view.View[1]/android.widget.EditText[1][count(. | //*[@class = 'android.widget.EditText']) = count(//*[@class = 'android.widget.EditText'])]"}[39m
[35m[HTTP][39m [37m<-- POST /wd/hub/session/7782fa8a-fb81-46fa-a61d-7071f7e8a2ee/elements [39m[32m200[39m [90m103 ms - 12[39m
[35m[HTTP][39m [90m[39m
[35m[HTTP][39m [37m-->[39m [37mPOST[39m [37m/wd/hub/session/7782fa8a-fb81-46fa-a61d-7071f7e8a2ee/elements[39m
[35m[HTTP][39m [90m{"using":"xpath","value":"//hierarchy/android.widget.FrameLayout[1]/android.widget.LinearLayout[1]/android.widget.FrameLayout[1]/android.widget.FrameLayout[1]/android.view.View[1]/android.view.View[1]/android.view.View[1]/android.view.View[1]/android.view.View[1]/android.widget.EditText[1][count(. | //*[@class = 'android.widget.EditText']) = count(//*[@class = 'android.widget.EditText'])]"}[39m
[35m[HTTP][39m [37m<-- POST /wd/hub/session/7782fa8a-fb81-46fa-a61d-7071f7e8a2ee/elements [39m[32m200[39m [90m92 ms - 12[39m
[35m[HTTP][39m [90m[39m
[35m[HTTP][39m [37m-->[39m [37mPOST[39m [37m/wd/hub/session/7782fa8a-fb81-46fa-a61d-7071f7e8a2ee/elements[39m
[35m[HTTP][39m [90m{"using":"xpath","value":"//hierarchy/android.widget.FrameLayout[1]/android.widget.LinearLayout[1]/android.widget.FrameLayout[1]/android.widget.FrameLayout[1]/android.view.View[1]/android.view.View[1]/android.view.View[1]/android.view.View[1]/android.view.View[1]/android.widget.EditText[1][count(. | //*[@class = 'android.widget.EditText']) = count(//*[@class = 'android.widget.EditText'])]"}[39m
[35m[HTTP][39m [37m<-- POST /wd/hub/session/7782fa8a-fb81-46fa-a61d-7071f7e8a2ee/elements [39m[32m200[39m [90m90 ms - 12[39m
[35m[HTTP][39m [90m[39m
[35m[HTTP][39m [37m-->[39m [37mPOST[39m [37m/wd/hub/session/7782fa8a-fb81-46fa-a61d-7071f7e8a2ee/elements[39m
[35m[HTTP][39m [90m{"using":"xpath","value":"//hierarchy/android.widget.FrameLayout[1]/android.widget.LinearLayout[1]/android.widget.FrameLayout[1]/android.widget.FrameLayout[1]/android.view.View[1]/android.view.View[1]/android.view.View[1]/android.view.View[1]/android.view.View[1]/android.widget.EditText[1][count(. | //*[@class = 'android.widget.EditText']) = count(//*[@class = 'android.widget.EditText'])]"}[39m
[35m[HTTP][39m [37m<-- POST /wd/hub/session/7782fa8a-fb81-46fa-a61d-7071f7e8a2ee/elements [39m[32m200[39m [90m94 ms - 12[39m
[35m[HTTP][39m [90m[39m
[35m[HTTP][39m [37m-->[39m [37mPOST[39m [37m/wd/hub/session/7782fa8a-fb81-46fa-a61d-7071f7e8a2ee/elements[39m
[35m[HTTP][39m [90m{"using":"xpath","value":"//hierarchy/android.widget.FrameLayout[1]/android.widget.LinearLayout[1]/android.widget.FrameLayout[1]/android.widget.FrameLayout[1]/android.view.View[1]/android.view.View[1]/android.view.View[1]/android.view.View[1]/android.view.View[1]/android.widget.EditText[1][count(. | //*[@class = 'android.widget.EditText']) = count(//*[@class = 'android.widget.EditText'])]"}[39m
[35m[HTTP][39m [37m<-- POST /wd/hub/session/7782fa8a-fb81-46fa-a61d-7071f7e8a2ee/elements [39m[32m200[39m [90m90 ms - 12[39m
[35m[HTTP][39m [90m[39m
[35m[HTTP][39m [37m-->[39m [37mPOST[39m [37m/wd/hub/session/7782fa8a-fb81-46fa-a61d-7071f7e8a2ee/elements[39m
[35m[HTTP][39m [90m{"using":"xpath","value":"//hierarchy/android.widget.FrameLayout[1]/android.widget.LinearLayout[1]/android.widget.FrameLayout[1]/android.widget.FrameLayout[1]/android.view.View[1]/android.view.View[1]/android.view.View[1]/android.view.View[1]/android.view.View[1]/android.widget.EditText[1][count(. | //*[@class = 'android.widget.EditText']) = count(//*[@class = 'android.widget.EditText'])]"}[39m
[35m[HTTP][39m [37m<-- POST /wd/hub/session/7782fa8a-fb81-46fa-a61d-7071f7e8a2ee/elements [39m[32m200[39m [90m85 ms - 12[39m
[35m[HTTP][39m [90m[39m
[35m[HTTP][39m [37m-->[39m [37mPOST[39m [37m/wd/hub/session/7782fa8a-fb81-46fa-a61d-7071f7e8a2ee/elements[39m
[35m[HTTP][39m [90m{"using":"xpath","value":"//hierarchy/android.widget.FrameLayout[1]/android.widget.LinearLayout[1]/android.widget.FrameLayout[1]/android.widget.FrameLayout[1]/android.view.View[1]/android.view.View[1]/android.view.View[1]/android.view.View[1]/android.view.View[1]/android.widget.EditText[1][count(. | //*[@class = 'android.widget.EditText']) = count(//*[@class = 'android.widget.EditText'])]"}[39m
[35m[HTTP][39m [37m<-- POST /wd/hub/session/7782fa8a-fb81-46fa-a61d-7071f7e8a2ee/elements [39m[32m200[39m [90m83 ms - 12[39m
[35m[HTTP][39m [90m[39m
[35m[HTTP][39m [37m-->[39m [37mPOST[39m [37m/wd/hub/session/7782fa8a-fb81-46fa-a61d-7071f7e8a2ee/elements[39m
[35m[HTTP][39m [90m{"using":"xpath","value":"//hierarchy/android.widget.FrameLayout[1]/android.widget.LinearLayout[1]/android.widget.FrameLayout[1]/android.widget.FrameLayout[1]/android.view.View[1]/android.view.View[1]/android.view.View[1]/android.view.View[1]/android.view.View[1]/android.widget.EditText[1][count(. | //*[@class = 'android.widget.EditText']) = count(//*[@class = 'android.widget.EditText'])]"}[39m
[35m[HTTP][39m [37m<-- POST /wd/hub/session/7782fa8a-fb81-46fa-a61d-7071f7e8a2ee/elements [39m[32m200[39m [90m82 ms - 12[39m
[35m[HTTP][39m [90m[39m
[35m[HTTP][39m [37m-->[39m [37mPOST[39m [37m/wd/hub/session/7782fa8a-fb81-46fa-a61d-7071f7e8a2ee/elements[39m
[35m[HTTP][39m [90m{"using":"xpath","value":"//hierarchy/android.widget.FrameLayout[1]/android.widget.LinearLayout[1]/android.widget.FrameLayout[1]/android.widget.FrameLayout[1]/android.view.View[1]/android.view.View[1]/android.view.View[1]/android.view.View[1]/android.view.View[1]/android.widget.EditText[1][count(. | //*[@class = 'android.widget.EditText']) = count(//*[@class = 'android.widget.EditText'])]"}[39m
[35m[HTTP][39m [37m<-- POST /wd/hub/session/7782fa8a-fb81-46fa-a61d-7071f7e8a2ee/elements [39m[32m200[39m [90m101 ms - 12[39m
[35m[HTTP][39m [90m[39m
[35m[HTTP][39m [37m-->[39m [37mPOST[39m [37m/wd/hub/session/7782fa8a-fb81-46fa-a61d-7071f7e8a2ee/elements[39m
[35m[HTTP][39m [90m{"using":"xpath","value":"//hierarchy/android.widget.FrameLayout[1]/android.widget.LinearLayout[1]/android.widget.FrameLayout[1]/android.widget.FrameLayout[1]/android.view.View[1]/android.view.View[1]/android.view.View[1]/android.view.View[1]/android.view.View[1]/android.widget.EditText[1][count(. | //*[@class = 'android.widget.EditText']) = count(//*[@class = 'android.widget.EditText'])]"}[39m
[35m[HTTP][39m [37m<-- POST /wd/hub/session/7782fa8a-fb81-46fa-a61d-7071f7e8a2ee/elements [39m[32m200[39m [90m680 ms - 12[39m
[35m[HTTP][39m [90m[39m
[35m[HTTP][39m [37m-->[39m [37mPOST[39m [37m/wd/hub/session/7782fa8a-fb81-46fa-a61d-7071f7e8a2ee/elements[39m
[35m[HTTP][39m [90m{"using":"xpath","value":"//hierarchy/android.widget.FrameLayout[1]/android.widget.LinearLayout[1]/android.widget.FrameLayout[1]/android.widget.FrameLayout[1]/android.view.View[1]/android.view.View[1]/android.view.View[1]/android.view.View[1]/android.view.View[1]/android.widget.EditText[1][count(. | //*[@class = 'android.widget.EditText']) = count(//*[@class = 'android.widget.EditText'])]"}[39m
[35m[HTTP][39m [37m<-- POST /wd/hub/session/7782fa8a-fb81-46fa-a61d-7071f7e8a2ee/elements [39m[32m200[39m [90m73 ms - 12[39m
[35m[HTTP][39m [90m[39m
[35m[HTTP][39m [37m-->[39m [37mPOST[39m [37m/wd/hub/session/7782fa8a-fb81-46fa-a61d-7071f7e8a2ee/elements[39m
[35m[HTTP][39m [90m{"using":"xpath","value":"//hierarchy/android.widget.FrameLayout[1]/android.widget.LinearLayout[1]/android.widget.FrameLayout[1]/android.widget.FrameLayout[1]/android.view.View[1]/android.view.View[1]/android.view.View[1]/android.view.View[1]/android.view.View[1]/android.widget.EditText[1][count(. | //*[@class = 'android.widget.EditText']) = count(//*[@class = 'android.widget.EditText'])]"}[39m
[35m[HTTP][39m [37m<-- POST /wd/hub/session/7782fa8a-fb81-46fa-a61d-7071f7e8a2ee/elements [39m[32m200[39m [90m78 ms - 12[39m
[35m[HTTP][39m [90m[39m
[35m[HTTP][39m [37m-->[39m [37mPOST[39m [37m/wd/hub/session/7782fa8a-fb81-46fa-a61d-7071f7e8a2ee/elements[39m
[35m[HTTP][39m [90m{"using":"xpath","value":"//hierarchy/android.widget.FrameLayout[1]/android.widget.LinearLayout[1]/android.widget.FrameLayout[1]/android.widget.FrameLayout[1]/android.view.View[1]/android.view.View[1]/android.view.View[1]/android.view.View[1]/android.view.View[1]/android.widget.EditText[1][count(. | //*[@class = 'android.widget.EditText']) = count(//*[@class = 'android.widget.EditText'])]"}[39m
[35m[HTTP][39m [37m<-- POST /wd/hub/session/7782fa8a-fb81-46fa-a61d-7071f7e8a2ee/elements [39m[32m200[39m [90m74 ms - 12[39m
[35m[HTTP][39m [90m[39m
[35m[HTTP][39m [37m-->[39m [37mPOST[39m [37m/wd/hub/session/7782fa8a-fb81-46fa-a61d-7071f7e8a2ee/elements[39m
[35m[HTTP][39m [90m{"using":"xpath","value":"//hierarchy/android.widget.FrameLayout[1]/android.widget.LinearLayout[1]/android.widget.FrameLayout[1]/android.widget.FrameLayout[1]/android.view.View[1]/android.view.View[1]/android.view.View[1]/android.view.View[1]/android.view.View[1]/android.widget.EditText[1][count(. | //*[@class = 'android.widget.EditText']) = count(//*[@class = 'android.widget.EditText'])]"}[39m
[35m[HTTP][39m [37m<-- POST /wd/hub/session/7782fa8a-fb81-46fa-a61d-7071f7e8a2ee/elements [39m[32m200[39m [90m104 ms - 12[39m
[35m[HTTP][39m [90m[39m
[35m[HTTP][39m [37m-->[39m [37mPOST[39m [37m/wd/hub/session/7782fa8a-fb81-46fa-a61d-7071f7e8a2ee/elements[39m
[35m[HTTP][39m [90m{"using":"xpath","value":"//hierarchy/android.widget.FrameLayout[1]/android.widget.LinearLayout[1]/android.widget.FrameLayout[1]/android.widget.FrameLayout[1]/android.view.View[1]/android.view.View[1]/android.view.View[1]/android.view.View[1]/android.view.View[1]/android.widget.EditText[1][count(. | //*[@class = 'android.widget.EditText']) = count(//*[@class = 'android.widget.EditText'])]"}[39m
[35m[HTTP][39m [37m<-- POST /wd/hub/session/7782fa8a-fb81-46fa-a61d-7071f7e8a2ee/elements [39m[32m200[39m [90m84 ms - 12[39m
[35m[HTTP][39m [90m[39m
[35m[HTTP][39m [37m-->[39m [37mPOST[39m [37m/wd/hub/session/7782fa8a-fb81-46fa-a61d-7071f7e8a2ee/elements[39m
[35m[HTTP][39m [90m{"using":"xpath","value":"//hierarchy/android.widget.FrameLayout[1]/android.widget.LinearLayout[1]/android.widget.FrameLayout[1]/android.widget.FrameLayout[1]/android.view.View[1]/android.view.View[1]/android.view.View[1]/android.view.View[1]/android.view.View[1]/android.widget.EditText[1][count(. | //*[@class = 'android.widget.EditText']) = count(//*[@class = 'android.widget.EditText'])]"}[39m
[35m[HTTP][39m [37m<-- POST /wd/hub/session/7782fa8a-fb81-46fa-a61d-7071f7e8a2ee/elements [39m[32m200[39m [90m71 ms - 12[39m
[35m[HTTP][39m [90m[39m
[35m[HTTP][39m [37m-->[39m [37mPOST[39m [37m/wd/hub/session/7782fa8a-fb81-46fa-a61d-7071f7e8a2ee/timeouts[39m
[35m[HTTP][39m [90m{"implicit":30000}[39m
[35m[HTTP][39m [37m<-- POST /wd/hub/session/7782fa8a-fb81-46fa-a61d-7071f7e8a2ee/timeouts [39m[32m200[39m [90m1 ms - 14[39m
[35m[HTTP][39m [90m[39m
[35m[HTTP][39m [37m-->[39m [37mPOST[39m [37m/wd/hub/session/7782fa8a-fb81-46fa-a61d-7071f7e8a2ee/timeouts[39m
[35m[HTTP][39m [90m{"implicit":50}[39m
[35m[HTTP][39m [37m<-- POST /wd/hub/session/7782fa8a-fb81-46fa-a61d-7071f7e8a2ee/timeouts [39m[32m200[39m [90m1 ms - 14[39m
[35m[HTTP][39m [90m[39m
[35m[HTTP][39m [37m-->[39m [37mGET[39m [37m/wd/hub/session/7782fa8a-fb81-46fa-a61d-7071f7e8a2ee/window/rect[39m
[35m[HTTP][39m [90m{}[39m
[35m[HTTP][39m [37m<-- GET /wd/hub/session/7782fa8a-fb81-46fa-a61d-7071f7e8a2ee/window/rect [39m[32m200[39m [90m7 ms - 50[39m
[35m[HTTP][39m [90m[39m
[35m[HTTP][39m [37m-->[39m [37mPOST[39m [37m/wd/hub/session/7782fa8a-fb81-46fa-a61d-7071f7e8a2ee/elements[39m
[35m[HTTP][39m [90m{"using":"xpath","value":"//hierarchy/android.widget.FrameLayout[1]/android.widget.LinearLayout[1]/android.widget.FrameLayout[1]/android.widget.FrameLayout[1]/android.view.View[1]/android.view.View[1]/android.view.View[1]/android.view.View[1]/android.view.View[1]/android.widget.EditText[1][count(. | //*[@class = 'android.widget.EditText']) = count(//*[@class = 'android.widget.EditText'])]"}[39m
[35m[HTTP][39m [37m<-- POST /wd/hub/session/7782fa8a-fb81-46fa-a61d-7071f7e8a2ee/elements [39m[32m200[39m [90m73 ms - 12[39m
[35m[HTTP][39m [90m[39m
[35m[HTTP][39m [37m-->[39m [37mPOST[39m [37m/wd/hub/session/7782fa8a-fb81-46fa-a61d-7071f7e8a2ee/elements[39m
[35m[HTTP][39m [90m{"using":"xpath","value":"//hierarchy/android.widget.FrameLayout[1]/android.widget.LinearLayout[1]/android.widget.FrameLayout[1]/android.widget.FrameLayout[1]/android.view.View[1]/android.view.View[1]/android.view.View[1]/android.view.View[1]/android.view.View[1]/android.widget.EditText[1][count(. | //*[@class = 'android.widget.EditText']) = count(//*[@class = 'android.widget.EditText'])]"}[39m
[35m[HTTP][39m [37m<-- POST /wd/hub/session/7782fa8a-fb81-46fa-a61d-7071f7e8a2ee/elements [39m[32m200[39m [90m72 ms - 12[39m
[35m[HTTP][39m [90m[39m
[35m[HTTP][39m [37m-->[39m [37mPOST[39m [37m/wd/hub/session/7782fa8a-fb81-46fa-a61d-7071f7e8a2ee/elements[39m
[35m[HTTP][39m [90m{"using":"xpath","value":"//hierarchy/android.widget.FrameLayout[1]/android.widget.LinearLayout[1]/android.widget.FrameLayout[1]/android.widget.FrameLayout[1]/android.view.View[1]/android.view.View[1]/android.view.View[1]/android.view.View[1]/android.view.View[1]/android.widget.EditText[1][count(. | //*[@class = 'android.widget.EditText']) = count(//*[@class = 'android.widget.EditText'])]"}[39m
[35m[HTTP][39m [37m<-- POST /wd/hub/session/7782fa8a-fb81-46fa-a61d-7071f7e8a2ee/elements [39m[32m200[39m [90m70 ms - 12[39m
[35m[HTTP][39m [90m[39m
[35m[HTTP][39m [37m-->[39m [37mPOST[39m [37m/wd/hub/session/7782fa8a-fb81-46fa-a61d-7071f7e8a2ee/elements[39m
[35m[HTTP][39m [90m{"using":"xpath","value":"//hierarchy/android.widget.FrameLayout[1]/android.widget.LinearLayout[1]/android.widget.FrameLayout[1]/android.widget.FrameLayout[1]/android.view.View[1]/android.view.View[1]/android.view.View[1]/android.view.View[1]/android.view.View[1]/android.widget.EditText[1][count(. | //*[@class = 'android.widget.EditText']) = count(//*[@class = 'android.widget.EditText'])]"}[39m
[35m[HTTP][39m [37m<-- POST /wd/hub/session/7782fa8a-fb81-46fa-a61d-7071f7e8a2ee/elements [39m[32m200[39m [90m597 ms - 12[39m
[35m[HTTP][39m [90m[39m
[35m[HTTP][39m [37m-->[39m [37mPOST[39m [37m/wd/hub/session/7782fa8a-fb81-46fa-a61d-7071f7e8a2ee/elements[39m
[35m[HTTP][39m [90m{"using":"xpath","value":"//hierarchy/android.widget.FrameLayout[1]/android.widget.LinearLayout[1]/android.widget.FrameLayout[1]/android.widget.FrameLayout[1]/android.view.View[1]/android.view.View[1]/android.view.View[1]/android.view.View[1]/android.view.View[1]/android.widget.EditText[1][count(. | //*[@class = 'android.widget.EditText']) = count(//*[@class = 'android.widget.EditText'])]"}[39m
[35m[HTTP][39m [37m<-- POST /wd/hub/session/7782fa8a-fb81-46fa-a61d-7071f7e8a2ee/elements [39m[32m200[39m [90m70 ms - 12[39m
[35m[HTTP][39m [90m[39m
[35m[HTTP][39m [37m-->[39m [37mPOST[39m [37m/wd/hub/session/7782fa8a-fb81-46fa-a61d-7071f7e8a2ee/elements[39m
[35m[HTTP][39m [90m{"using":"xpath","value":"//hierarchy/android.widget.FrameLayout[1]/android.widget.LinearLayout[1]/android.widget.FrameLayout[1]/android.widget.FrameLayout[1]/android.view.View[1]/android.view.View[1]/android.view.View[1]/android.view.View[1]/android.view.View[1]/android.widget.EditText[1][count(. | //*[@class = 'android.widget.EditText']) = count(//*[@class = 'android.widget.EditText'])]"}[39m
[35m[HTTP][39m [37m<-- POST /wd/hub/session/7782fa8a-fb81-46fa-a61d-7071f7e8a2ee/elements [39m[32m200[39m [90m70 ms - 12[39m
[35m[HTTP][39m [90m[39m
[35m[HTTP][39m [37m-->[39m [37mPOST[39m [37m/wd/hub/session/7782fa8a-fb81-46fa-a61d-7071f7e8a2ee/elements[39m
[35m[HTTP][39m [90m{"using":"xpath","value":"//hierarchy/android.widget.FrameLayout[1]/android.widget.LinearLayout[1]/android.widget.FrameLayout[1]/android.widget.FrameLayout[1]/android.view.View[1]/android.view.View[1]/android.view.View[1]/android.view.View[1]/android.view.View[1]/android.widget.EditText[1][count(. | //*[@class = 'android.widget.EditText']) = count(//*[@class = 'android.widget.EditText'])]"}[39m
[35m[HTTP][39m [37m<-- POST /wd/hub/session/7782fa8a-fb81-46fa-a61d-7071f7e8a2ee/elements [39m[32m200[39m [90m69 ms - 12[39m
[35m[HTTP][39m [90m[39m
[35m[HTTP][39m [37m-->[39m [37mPOST[39m [37m/wd/hub/session/7782fa8a-fb81-46fa-a61d-7071f7e8a2ee/elements[39m
[35m[HTTP][39m [90m{"using":"xpath","value":"//hierarchy/android.widget.FrameLayout[1]/android.widget.LinearLayout[1]/android.widget.FrameLayout[1]/android.widget.FrameLayout[1]/android.view.View[1]/android.view.View[1]/android.view.View[1]/android.view.View[1]/android.view.View[1]/android.widget.EditText[1][count(. | //*[@class = 'android.widget.EditText']) = count(//*[@class = 'android.widget.EditText'])]"}[39m
[35m[HTTP][39m [37m<-- POST /wd/hub/session/7782fa8a-fb81-46fa-a61d-7071f7e8a2ee/elements [39m[32m200[39m [90m69 ms - 12[39m
[35m[HTTP][39m [90m[39m
[35m[HTTP][39m [37m-->[39m [37mPOST[39m [37m/wd/hub/session/7782fa8a-fb81-46fa-a61d-7071f7e8a2ee/elements[39m
[35m[HTTP][39m [90m{"using":"xpath","value":"//hierarchy/android.widget.FrameLayout[1]/android.widget.LinearLayout[1]/android.widget.FrameLayout[1]/android.widget.FrameLayout[1]/android.view.View[1]/android.view.View[1]/android.view.View[1]/android.view.View[1]/android.view.View[1]/android.widget.EditText[1][count(. | //*[@class = 'android.widget.EditText']) = count(//*[@class = 'android.widget.EditText'])]"}[39m
[35m[HTTP][39m [37m<-- POST /wd/hub/session/7782fa8a-fb81-46fa-a61d-7071f7e8a2ee/elements [39m[32m200[39m [90m68 ms - 12[39m
[35m[HTTP][39m [90m[39m
[35m[HTTP][39m [37m-->[39m [37mPOST[39m [37m/wd/hub/session/7782fa8a-fb81-46fa-a61d-7071f7e8a2ee/elements[39m
[35m[HTTP][39m [90m{"using":"xpath","value":"//hierarchy/android.widget.FrameLayout[1]/android.widget.LinearLayout[1]/android.widget.FrameLayout[1]/android.widget.FrameLayout[1]/android.view.View[1]/android.view.View[1]/android.view.View[1]/android.view.View[1]/android.view.View[1]/android.widget.EditText[1][count(. | //*[@class = 'android.widget.EditText']) = count(//*[@class = 'android.widget.EditText'])]"}[39m
[35m[HTTP][39m [37m<-- POST /wd/hub/session/7782fa8a-fb81-46fa-a61d-7071f7e8a2ee/elements [39m[32m200[39m [90m69 ms - 12[39m
[35m[HTTP][39m [90m[39m
[35m[HTTP][39m [37m-->[39m [37mPOST[39m [37m/wd/hub/session/7782fa8a-fb81-46fa-a61d-7071f7e8a2ee/elements[39m
[35m[HTTP][39m [90m{"using":"xpath","value":"//hierarchy/android.widget.FrameLayout[1]/android.widget.LinearLayout[1]/android.widget.FrameLayout[1]/android.widget.FrameLayout[1]/android.view.View[1]/android.view.View[1]/android.view.View[1]/android.view.View[1]/android.view.View[1]/android.widget.EditText[1][count(. | //*[@class = 'android.widget.EditText']) = count(//*[@class = 'android.widget.EditText'])]"}[39m
[35m[HTTP][39m [37m<-- POST /wd/hub/session/7782fa8a-fb81-46fa-a61d-7071f7e8a2ee/elements [39m[32m200[39m [90m69 ms - 12[39m
[35m[HTTP][39m [90m[39m
[35m[HTTP][39m [37m-->[39m [37mPOST[39m [37m/wd/hub/session/7782fa8a-fb81-46fa-a61d-7071f7e8a2ee/elements[39m
[35m[HTTP][39m [90m{"using":"xpath","value":"//hierarchy/android.widget.FrameLayout[1]/android.widget.LinearLayout[1]/android.widget.FrameLayout[1]/android.widget.FrameLayout[1]/android.view.View[1]/android.view.View[1]/android.view.View[1]/android.view.View[1]/android.view.View[1]/android.widget.EditText[1][count(. | //*[@class = 'android.widget.EditText']) = count(//*[@class = 'android.widget.EditText'])]"}[39m
[35m[HTTP][39m [37m<-- POST /wd/hub/session/7782fa8a-fb81-46fa-a61d-7071f7e8a2ee/elements [39m[32m200[39m [90m70 ms - 12[39m
[35m[HTTP][39m [90m[39m
[35m[HTTP][39m [37m-->[39m [37mPOST[39m [37m/wd/hub/session/7782fa8a-fb81-46fa-a61d-7071f7e8a2ee/elements[39m
[35m[HTTP][39m [90m{"using":"xpath","value":"//hierarchy/android.widget.FrameLayout[1]/android.widget.LinearLayout[1]/android.widget.FrameLayout[1]/android.widget.FrameLayout[1]/android.view.View[1]/android.view.View[1]/android.view.View[1]/android.view.View[1]/android.view.View[1]/android.widget.EditText[1][count(. | //*[@class = 'android.widget.EditText']) = count(//*[@class = 'android.widget.EditText'])]"}[39m
[35m[HTTP][39m [37m<-- POST /wd/hub/session/7782fa8a-fb81-46fa-a61d-7071f7e8a2ee/elements [39m[32m200[39m [90m70 ms - 12[39m
[35m[HTTP][39m [90m[39m
[35m[HTTP][39m [37m-->[39m [37mPOST[39m [37m/wd/hub/session/7782fa8a-fb81-46fa-a61d-7071f7e8a2ee/elements[39m
[35m[HTTP][39m [90m{"using":"xpath","value":"//hierarchy/android.widget.FrameLayout[1]/android.widget.LinearLayout[1]/android.widget.FrameLayout[1]/android.widget.FrameLayout[1]/android.view.View[1]/android.view.View[1]/android.view.View[1]/android.view.View[1]/android.view.View[1]/android.widget.EditText[1][count(. | //*[@class = 'android.widget.EditText']) = count(//*[@class = 'android.widget.EditText'])]"}[39m
[35m[HTTP][39m [37m<-- POST /wd/hub/session/7782fa8a-fb81-46fa-a61d-7071f7e8a2ee/elements [39m[32m200[39m [90m70 ms - 12[39m
[35m[HTTP][39m [90m[39m
[35m[HTTP][39m [37m-->[39m [37mPOST[39m [37m/wd/hub/session/7782fa8a-fb81-46fa-a61d-7071f7e8a2ee/elements[39m
[35m[HTTP][39m [90m{"using":"xpath","value":"//hierarchy/android.widget.FrameLayout[1]/android.widget.LinearLayout[1]/android.widget.FrameLayout[1]/android.widget.FrameLayout[1]/android.view.View[1]/android.view.View[1]/android.view.View[1]/android.view.View[1]/android.view.View[1]/android.widget.EditText[1][count(. | //*[@class = 'android.widget.EditText']) = count(//*[@class = 'android.widget.EditText'])]"}[39m
[35m[HTTP][39m [37m<-- POST /wd/hub/session/7782fa8a-fb81-46fa-a61d-7071f7e8a2ee/elements [39m[32m200[39m [90m68 ms - 12[39m
[35m[HTTP][39m [90m[39m
[35m[HTTP][39m [37m-->[39m [37mPOST[39m [37m/wd/hub/session/7782fa8a-fb81-46fa-a61d-7071f7e8a2ee/elements[39m
[35m[HTTP][39m [90m{"using":"xpath","value":"//hierarchy/android.widget.FrameLayout[1]/android.widget.LinearLayout[1]/android.widget.FrameLayout[1]/android.widget.FrameLayout[1]/android.view.View[1]/android.view.View[1]/android.view.View[1]/android.view.View[1]/android.view.View[1]/android.widget.EditText[1][count(. | //*[@class = 'android.widget.EditText']) = count(//*[@class = 'android.widget.EditText'])]"}[39m
[35m[HTTP][39m [37m<-- POST /wd/hub/session/7782fa8a-fb81-46fa-a61d-7071f7e8a2ee/elements [39m[32m200[39m [90m80 ms - 12[39m
[35m[HTTP][39m [90m[39m
[35m[HTTP][39m [37m-->[39m [37mPOST[39m [37m/wd/hub/session/7782fa8a-fb81-46fa-a61d-7071f7e8a2ee/elements[39m
[35m[HTTP][39m [90m{"using":"xpath","value":"//hierarchy/android.widget.FrameLayout[1]/android.widget.LinearLayout[1]/android.widget.FrameLayout[1]/android.widget.FrameLayout[1]/android.view.View[1]/android.view.View[1]/android.view.View[1]/android.view.View[1]/android.view.View[1]/android.widget.EditText[1][count(. | //*[@class = 'android.widget.EditText']) = count(//*[@class = 'android.widget.EditText'])]"}[39m
[35m[HTTP][39m [37m<-- POST /wd/hub/session/7782fa8a-fb81-46fa-a61d-7071f7e8a2ee/elements [39m[32m200[39m [90m69 ms - 12[39m
[35m[HTTP][39m [90m[39m
[35m[HTTP][39m [37m-->[39m [37mPOST[39m [37m/wd/hub/session/7782fa8a-fb81-46fa-a61d-7071f7e8a2ee/elements[39m
[35m[HTTP][39m [90m{"using":"xpath","value":"//hierarchy/android.widget.FrameLayout[1]/android.widget.LinearLayout[1]/android.widget.FrameLayout[1]/android.widget.FrameLayout[1]/android.view.View[1]/android.view.View[1]/android.view.View[1]/android.view.View[1]/android.view.View[1]/android.widget.EditText[1][count(. | //*[@class = 'android.widget.EditText']) = count(//*[@class = 'android.widget.EditText'])]"}[39m
[35m[HTTP][39m [37m<-- POST /wd/hub/session/7782fa8a-fb81-46fa-a61d-7071f7e8a2ee/elements [39m[32m200[39m [90m67 ms - 12[39m
[35m[HTTP][39m [90m[39m
[35m[HTTP][39m [37m-->[39m [37mPOST[39m [37m/wd/hub/session/7782fa8a-fb81-46fa-a61d-7071f7e8a2ee/elements[39m
[35m[HTTP][39m [90m{"using":"xpath","value":"//hierarchy/android.widget.FrameLayout[1]/android.widget.LinearLayout[1]/android.widget.FrameLayout[1]/android.widget.FrameLayout[1]/android.view.View[1]/android.view.View[1]/android.view.View[1]/android.view.View[1]/android.view.View[1]/android.widget.EditText[1][count(. | //*[@class = 'android.widget.EditText']) = count(//*[@class = 'android.widget.EditText'])]"}[39m
[35m[HTTP][39m [37m<-- POST /wd/hub/session/7782fa8a-fb81-46fa-a61d-7071f7e8a2ee/elements [39m[32m200[39m [90m67 ms - 12[39m
[35m[HTTP][39m [90m[39m
[35m[HTTP][39m [37m-->[39m [37mPOST[39m [37m/wd/hub/session/7782fa8a-fb81-46fa-a61d-7071f7e8a2ee/elements[39m
[35m[HTTP][39m [90m{"using":"xpath","value":"//hierarchy/android.widget.FrameLayout[1]/android.widget.LinearLayout[1]/android.widget.FrameLayout[1]/android.widget.FrameLayout[1]/android.view.View[1]/android.view.View[1]/android.view.View[1]/android.view.View[1]/android.view.View[1]/android.widget.EditText[1][count(. | //*[@class = 'android.widget.EditText']) = count(//*[@class = 'android.widget.EditText'])]"}[39m
[35m[HTTP][39m [37m<-- POST /wd/hub/session/7782fa8a-fb81-46fa-a61d-7071f7e8a2ee/elements [39m[32m200[39m [90m68 ms - 12[39m
[35m[HTTP][39m [90m[39m
[35m[HTTP][39m [37m-->[39m [37mPOST[39m [37m/wd/hub/session/7782fa8a-fb81-46fa-a61d-7071f7e8a2ee/elements[39m
[35m[HTTP][39m [90m{"using":"xpath","value":"//hierarchy/android.widget.FrameLayout[1]/android.widget.LinearLayout[1]/android.widget.FrameLayout[1]/android.widget.FrameLayout[1]/android.view.View[1]/android.view.View[1]/android.view.View[1]/android.view.View[1]/android.view.View[1]/android.widget.EditText[1][count(. | //*[@class = 'android.widget.EditText']) = count(//*[@class = 'android.widget.EditText'])]"}[39m
[35m[HTTP][39m [37m<-- POST /wd/hub/session/7782fa8a-fb81-46fa-a61d-7071f7e8a2ee/elements [39m[32m200[39m [90m68 ms - 12[39m
[35m[HTTP][39m [90m[39m
[35m[HTTP][39m [37m-->[39m [37mPOST[39m [37m/wd/hub/session/7782fa8a-fb81-46fa-a61d-7071f7e8a2ee/elements[39m
[35m[HTTP][39m [90m{"using":"xpath","value":"//hierarchy/android.widget.FrameLayout[1]/android.widget.LinearLayout[1]/android.widget.FrameLayout[1]/android.widget.FrameLayout[1]/android.view.View[1]/android.view.View[1]/android.view.View[1]/android.view.View[1]/android.view.View[1]/android.widget.EditText[1][count(. | //*[@class = 'android.widget.EditText']) = count(//*[@class = 'android.widget.EditText'])]"}[39m
[35m[HTTP][39m [37m<-- POST /wd/hub/session/7782fa8a-fb81-46fa-a61d-7071f7e8a2ee/elements [39m[32m200[39m [90m74 ms - 12[39m
[35m[HTTP][39m [90m[39m
[35m[HTTP][39m [37m-->[39m [37mPOST[39m [37m/wd/hub/session/7782fa8a-fb81-46fa-a61d-7071f7e8a2ee/elements[39m
[35m[HTTP][39m [90m{"using":"xpath","value":"//hierarchy/android.widget.FrameLayout[1]/android.widget.LinearLayout[1]/android.widget.FrameLayout[1]/android.widget.FrameLayout[1]/android.view.View[1]/android.view.View[1]/android.view.View[1]/android.view.View[1]/android.view.View[1]/android.widget.EditText[1][count(. | //*[@class = 'android.widget.EditText']) = count(//*[@class = 'android.widget.EditText'])]"}[39m
[35m[HTTP][39m [37m<-- POST /wd/hub/session/7782fa8a-fb81-46fa-a61d-7071f7e8a2ee/elements [39m[32m200[39m [90m70 ms - 12[39m
[35m[HTTP][39m [90m[39m
[35m[HTTP][39m [37m-->[39m [37mPOST[39m [37m/wd/hub/session/7782fa8a-fb81-46fa-a61d-7071f7e8a2ee/elements[39m
[35m[HTTP][39m [90m{"using":"xpath","value":"//hierarchy/android.widget.FrameLayout[1]/android.widget.LinearLayout[1]/android.widget.FrameLayout[1]/android.widget.FrameLayout[1]/android.view.View[1]/android.view.View[1]/android.view.View[1]/android.view.View[1]/android.view.View[1]/android.widget.EditText[1][count(. | //*[@class = 'android.widget.EditText']) = count(//*[@class = 'android.widget.EditText'])]"}[39m
[35m[HTTP][39m [37m<-- POST /wd/hub/session/7782fa8a-fb81-46fa-a61d-7071f7e8a2ee/elements [39m[32m200[39m [90m69 ms - 12[39m
[35m[HTTP][39m [90m[39m
[35m[HTTP][39m [37m-->[39m [37mPOST[39m [37m/wd/hub/session/7782fa8a-fb81-46fa-a61d-7071f7e8a2ee/elements[39m
[35m[HTTP][39m [90m{"using":"xpath","value":"//hierarchy/android.widget.FrameLayout[1]/android.widget.LinearLayout[1]/android.widget.FrameLayout[1]/android.widget.FrameLayout[1]/android.view.View[1]/android.view.View[1]/android.view.View[1]/android.view.View[1]/android.view.View[1]/android.widget.EditText[1][count(. | //*[@class = 'android.widget.EditText']) = count(//*[@class = 'android.widget.EditText'])]"}[39m
[35m[HTTP][39m [37m<-- POST /wd/hub/session/7782fa8a-fb81-46fa-a61d-7071f7e8a2ee/elements [39m[32m200[39m [90m75 ms - 12[39m
[35m[HTTP][39m [90m[39m
[35m[HTTP][39m [37m-->[39m [37mPOST[39m [37m/wd/hub/session/7782fa8a-fb81-46fa-a61d-7071f7e8a2ee/elements[39m
[35m[HTTP][39m [90m{"using":"xpath","value":"//hierarchy/android.widget.FrameLayout[1]/android.widget.LinearLayout[1]/android.widget.FrameLayout[1]/android.widget.FrameLayout[1]/android.view.View[1]/android.view.View[1]/android.view.View[1]/android.view.View[1]/android.view.View[1]/android.widget.EditText[1][count(. | //*[@class = 'android.widget.EditText']) = count(//*[@class = 'android.widget.EditText'])]"}[39m
[35m[HTTP][39m [37m<-- POST /wd/hub/session/7782fa8a-fb81-46fa-a61d-7071f7e8a2ee/elements [39m[32m200[39m [90m83 ms - 12[39m
[35m[HTTP][39m [90m[39m
[35m[HTTP][39m [37m-->[39m [37mPOST[39m [37m/wd/hub/session/7782fa8a-fb81-46fa-a61d-7071f7e8a2ee/elements[39m
[35m[HTTP][39m [90m{"using":"xpath","value":"//hierarchy/android.widget.FrameLayout[1]/android.widget.LinearLayout[1]/android.widget.FrameLayout[1]/android.widget.FrameLayout[1]/android.view.View[1]/android.view.View[1]/android.view.View[1]/android.view.View[1]/android.view.View[1]/android.widget.EditText[1][count(. | //*[@class = 'android.widget.EditText']) = count(//*[@class = 'android.widget.EditText'])]"}[39m
[35m[HTTP][39m [37m<-- POST /wd/hub/session/7782fa8a-fb81-46fa-a61d-7071f7e8a2ee/elements [39m[32m200[39m [90m70 ms - 12[39m
[35m[HTTP][39m [90m[39m
[35m[HTTP][39m [37m-->[39m [37mPOST[39m [37m/wd/hub/session/7782fa8a-fb81-46fa-a61d-7071f7e8a2ee/elements[39m
[35m[HTTP][39m [90m{"using":"xpath","value":"//hierarchy/android.widget.FrameLayout[1]/android.widget.LinearLayout[1]/android.widget.FrameLayout[1]/android.widget.FrameLayout[1]/android.view.View[1]/android.view.View[1]/android.view.View[1]/android.view.View[1]/android.view.View[1]/android.widget.EditText[1][count(. | //*[@class = 'android.widget.EditText']) = count(//*[@class = 'android.widget.EditText'])]"}[39m
[35m[HTTP][39m [37m<-- POST /wd/hub/session/7782fa8a-fb81-46fa-a61d-7071f7e8a2ee/elements [39m[32m200[39m [90m68 ms - 12[39m
[35m[HTTP][39m [90m[39m
[35m[HTTP][39m [37m-->[39m [37mPOST[39m [37m/wd/hub/session/7782fa8a-fb81-46fa-a61d-7071f7e8a2ee/elements[39m
[35m[HTTP][39m [90m{"using":"xpath","value":"//hierarchy/android.widget.FrameLayout[1]/android.widget.LinearLayout[1]/android.widget.FrameLayout[1]/android.widget.FrameLayout[1]/android.view.View[1]/android.view.View[1]/android.view.View[1]/android.view.View[1]/android.view.View[1]/android.widget.EditText[1][count(. | //*[@class = 'android.widget.EditText']) = count(//*[@class = 'android.widget.EditText'])]"}[39m
[35m[HTTP][39m [37m<-- POST /wd/hub/session/7782fa8a-fb81-46fa-a61d-7071f7e8a2ee/elements [39m[32m200[39m [90m72 ms - 12[39m
[35m[HTTP][39m [90m[39m
[35m[HTTP][39m [37m-->[39m [37mPOST[39m [37m/wd/hub/session/7782fa8a-fb81-46fa-a61d-7071f7e8a2ee/elements[39m
[35m[HTTP][39m [90m{"using":"xpath","value":"//hierarchy/android.widget.FrameLayout[1]/android.widget.LinearLayout[1]/android.widget.FrameLayout[1]/android.widget.FrameLayout[1]/android.view.View[1]/android.view.View[1]/android.view.View[1]/android.view.View[1]/android.view.View[1]/android.widget.EditText[1][count(. | //*[@class = 'android.widget.EditText']) = count(//*[@class = 'android.widget.EditText'])]"}[39m
[35m[HTTP][39m [37m<-- POST /wd/hub/session/7782fa8a-fb81-46fa-a61d-7071f7e8a2ee/elements [39m[32m200[39m [90m89 ms - 12[39m
[35m[HTTP][39m [90m[39m
[35m[HTTP][39m [37m-->[39m [37mPOST[39m [37m/wd/hub/session/7782fa8a-fb81-46fa-a61d-7071f7e8a2ee/elements[39m
[35m[HTTP][39m [90m{"using":"xpath","value":"//hierarchy/android.widget.FrameLayout[1]/android.widget.LinearLayout[1]/android.widget.FrameLayout[1]/android.widget.FrameLayout[1]/android.view.View[1]/android.view.View[1]/android.view.View[1]/android.view.View[1]/android.view.View[1]/android.widget.EditText[1][count(. | //*[@class = 'android.widget.EditText']) = count(//*[@class = 'android.widget.EditText'])]"}[39m
[35m[HTTP][39m [37m<-- POST /wd/hub/session/7782fa8a-fb81-46fa-a61d-7071f7e8a2ee/elements [39m[32m200[39m [90m68 ms - 12[39m
[35m[HTTP][39m [90m[39m
[35m[HTTP][39m [37m-->[39m [37mPOST[39m [37m/wd/hub/session/7782fa8a-fb81-46fa-a61d-7071f7e8a2ee/elements[39m
[35m[HTTP][39m [90m{"using":"xpath","value":"//hierarchy/android.widget.FrameLayout[1]/android.widget.LinearLayout[1]/android.widget.FrameLayout[1]/android.widget.FrameLayout[1]/android.view.View[1]/android.view.View[1]/android.view.View[1]/android.view.View[1]/android.view.View[1]/android.widget.EditText[1][count(. | //*[@class = 'android.widget.EditText']) = count(//*[@class = 'android.widget.EditText'])]"}[39m
[35m[HTTP][39m [37m<-- POST /wd/hub/session/7782fa8a-fb81-46fa-a61d-7071f7e8a2ee/elements [39m[32m200[39m [90m71 ms - 12[39m
[35m[HTTP][39m [90m[39m
[35m[HTTP][39m [37m-->[39m [37mPOST[39m [37m/wd/hub/session/7782fa8a-fb81-46fa-a61d-7071f7e8a2ee/elements[39m
[35m[HTTP][39m [90m{"using":"xpath","value":"//hierarchy/android.widget.FrameLayout[1]/android.widget.LinearLayout[1]/android.widget.FrameLayout[1]/android.widget.FrameLayout[1]/android.view.View[1]/android.view.View[1]/android.view.View[1]/android.view.View[1]/android.view.View[1]/android.widget.EditText[1][count(. | //*[@class = 'android.widget.EditText']) = count(//*[@class = 'android.widget.EditText'])]"}[39m
[35m[HTTP][39m [37m<-- POST /wd/hub/session/7782fa8a-fb81-46fa-a61d-7071f7e8a2ee/elements [39m[32m200[39m [90m69 ms - 12[39m
[35m[HTTP][39m [90m[39m
[35m[HTTP][39m [37m-->[39m [37mPOST[39m [37m/wd/hub/session/7782fa8a-fb81-46fa-a61d-7071f7e8a2ee/elements[39m
[35m[HTTP][39m [90m{"using":"xpath","value":"//hierarchy/android.widget.FrameLayout[1]/android.widget.LinearLayout[1]/android.widget.FrameLayout[1]/android.widget.FrameLayout[1]/android.view.View[1]/android.view.View[1]/android.view.View[1]/android.view.View[1]/android.view.View[1]/android.widget.EditText[1][count(. | //*[@class = 'android.widget.EditText']) = count(//*[@class = 'android.widget.EditText'])]"}[39m
[35m[HTTP][39m [37m<-- POST /wd/hub/session/7782fa8a-fb81-46fa-a61d-7071f7e8a2ee/elements [39m[32m200[39m [90m68 ms - 12[39m
[35m[HTTP][39m [90m[39m
[35m[HTTP][39m [37m-->[39m [37mPOST[39m [37m/wd/hub/session/7782fa8a-fb81-46fa-a61d-7071f7e8a2ee/elements[39m
[35m[HTTP][39m [90m{"using":"xpath","value":"//hierarchy/android.widget.FrameLayout[1]/android.widget.LinearLayout[1]/android.widget.FrameLayout[1]/android.widget.FrameLayout[1]/android.view.View[1]/android.view.View[1]/android.view.View[1]/android.view.View[1]/android.view.View[1]/android.widget.EditText[1][count(. | //*[@class = 'android.widget.EditText']) = count(//*[@class = 'android.widget.EditText'])]"}[39m
[35m[HTTP][39m [37m<-- POST /wd/hub/session/7782fa8a-fb81-46fa-a61d-7071f7e8a2ee/elements [39m[32m200[39m [90m73 ms - 12[39m
[35m[HTTP][39m [90m[39m
[35m[HTTP][39m [37m-->[39m [37mPOST[39m [37m/wd/hub/session/7782fa8a-fb81-46fa-a61d-7071f7e8a2ee/elements[39m
[35m[HTTP][39m [90m{"using":"xpath","value":"//hierarchy/android.widget.FrameLayout[1]/android.widget.LinearLayout[1]/android.widget.FrameLayout[1]/android.widget.FrameLayout[1]/android.view.View[1]/android.view.View[1]/android.view.View[1]/android.view.View[1]/android.view.View[1]/android.widget.EditText[1][count(. | //*[@class = 'android.widget.EditText']) = count(//*[@class = 'android.widget.EditText'])]"}[39m
[35m[HTTP][39m [37m<-- POST /wd/hub/session/7782fa8a-fb81-46fa-a61d-7071f7e8a2ee/elements [39m[32m200[39m [90m81 ms - 12[39m
[35m[HTTP][39m [90m[39m
[35m[HTTP][39m [37m-->[39m [37mPOST[39m [37m/wd/hub/session/7782fa8a-fb81-46fa-a61d-7071f7e8a2ee/elements[39m
[35m[HTTP][39m [90m{"using":"xpath","value":"//hierarchy/android.widget.FrameLayout[1]/android.widget.LinearLayout[1]/android.widget.FrameLayout[1]/android.widget.FrameLayout[1]/android.view.View[1]/android.view.View[1]/android.view.View[1]/android.view.View[1]/android.view.View[1]/android.widget.EditText[1][count(. | //*[@class = 'android.widget.EditText']) = count(//*[@class = 'android.widget.EditText'])]"}[39m
[35m[HTTP][39m [37m<-- POST /wd/hub/session/7782fa8a-fb81-46fa-a61d-7071f7e8a2ee/elements [39m[32m200[39m [90m71 ms - 12[39m
[35m[HTTP][39m [90m[39m
[35m[HTTP][39m [37m-->[39m [37mPOST[39m [37m/wd/hub/session/7782fa8a-fb81-46fa-a61d-7071f7e8a2ee/elements[39m
[35m[HTTP][39m [90m{"using":"xpath","value":"//hierarchy/android.widget.FrameLayout[1]/android.widget.LinearLayout[1]/android.widget.FrameLayout[1]/android.widget.FrameLayout[1]/android.view.View[1]/android.view.View[1]/android.view.View[1]/android.view.View[1]/android.view.View[1]/android.widget.EditText[1][count(. | //*[@class = 'android.widget.EditText']) = count(//*[@class = 'android.widget.EditText'])]"}[39m
[35m[HTTP][39m [37m<-- POST /wd/hub/session/7782fa8a-fb81-46fa-a61d-7071f7e8a2ee/elements [39m[32m200[39m [90m70 ms - 12[39m
[35m[HTTP][39m [90m[39m
[35m[HTTP][39m [37m-->[39m [37mPOST[39m [37m/wd/hub/session/7782fa8a-fb81-46fa-a61d-7071f7e8a2ee/elements[39m
[35m[HTTP][39m [90m{"using":"xpath","value":"//hierarchy/android.widget.FrameLayout[1]/android.widget.LinearLayout[1]/android.widget.FrameLayout[1]/android.widget.FrameLayout[1]/android.view.View[1]/android.view.View[1]/android.view.View[1]/android.view.View[1]/android.view.View[1]/android.widget.EditText[1][count(. | //*[@class = 'android.widget.EditText']) = count(//*[@class = 'android.widget.EditText'])]"}[39m
[35m[HTTP][39m [37m<-- POST /wd/hub/session/7782fa8a-fb81-46fa-a61d-7071f7e8a2ee/elements [39m[32m200[39m [90m68 ms - 12[39m
[35m[HTTP][39m [90m[39m
[35m[HTTP][39m [37m-->[39m [37mPOST[39m [37m/wd/hub/session/7782fa8a-fb81-46fa-a61d-7071f7e8a2ee/elements[39m
[35m[HTTP][39m [90m{"using":"xpath","value":"//hierarchy/android.widget.FrameLayout[1]/android.widget.LinearLayout[1]/android.widget.FrameLayout[1]/android.widget.FrameLayout[1]/android.view.View[1]/android.view.View[1]/android.view.View[1]/android.view.View[1]/android.view.View[1]/android.widget.EditText[1][count(. | //*[@class = 'android.widget.EditText']) = count(//*[@class = 'android.widget.EditText'])]"}[39m
[35m[HTTP][39m [37m<-- POST /wd/hub/session/7782fa8a-fb81-46fa-a61d-7071f7e8a2ee/elements [39m[32m200[39m [90m68 ms - 12[39m
[35m[HTTP][39m [90m[39m
[35m[HTTP][39m [37m-->[39m [37mPOST[39m [37m/wd/hub/session/7782fa8a-fb81-46fa-a61d-7071f7e8a2ee/elements[39m
[35m[HTTP][39m [90m{"using":"xpath","value":"//hierarchy/android.widget.FrameLayout[1]/android.widget.LinearLayout[1]/android.widget.FrameLayout[1]/android.widget.FrameLayout[1]/android.view.View[1]/android.view.View[1]/android.view.View[1]/android.view.View[1]/android.view.View[1]/android.widget.EditText[1][count(. | //*[@class = 'android.widget.EditText']) = count(//*[@class = 'android.widget.EditText'])]"}[39m
[35m[HTTP][39m [37m<-- POST /wd/hub/session/7782fa8a-fb81-46fa-a61d-7071f7e8a2ee/elements [39m[32m200[39m [90m74 ms - 12[39m
[35m[HTTP][39m [90m[39m
[35m[HTTP][39m [37m-->[39m [37mPOST[39m [37m/wd/hub/session/7782fa8a-fb81-46fa-a61d-7071f7e8a2ee/elements[39m
[35m[HTTP][39m [90m{"using":"xpath","value":"//hierarchy/android.widget.FrameLayout[1]/android.widget.LinearLayout[1]/android.widget.FrameLayout[1]/android.widget.FrameLayout[1]/android.view.View[1]/android.view.View[1]/android.view.View[1]/android.view.View[1]/android.view.View[1]/android.widget.EditText[1][count(. | //*[@class = 'android.widget.EditText']) = count(//*[@class = 'android.widget.EditText'])]"}[39m
[35m[HTTP][39m [37m<-- POST /wd/hub/session/7782fa8a-fb81-46fa-a61d-7071f7e8a2ee/elements [39m[32m200[39m [90m71 ms - 12[39m
[35m[HTTP][39m [90m[39m
[35m[HTTP][39m [37m-->[39m [37mPOST[39m [37m/wd/hub/session/7782fa8a-fb81-46fa-a61d-7071f7e8a2ee/elements[39m
[35m[HTTP][39m [90m{"using":"xpath","value":"//hierarchy/android.widget.FrameLayout[1]/android.widget.LinearLayout[1]/android.widget.FrameLayout[1]/android.widget.FrameLayout[1]/android.view.View[1]/android.view.View[1]/android.view.View[1]/android.view.View[1]/android.view.View[1]/android.widget.EditText[1][count(. | //*[@class = 'android.widget.EditText']) = count(//*[@class = 'android.widget.EditText'])]"}[39m
[35m[HTTP][39m [37m<-- POST /wd/hub/session/7782fa8a-fb81-46fa-a61d-7071f7e8a2ee/elements [39m[32m200[39m [90m891 ms - 12[39m
[35m[HTTP][39m [90m[39m
[35m[HTTP][39m [37m-->[39m [37mPOST[39m [37m/wd/hub/session/7782fa8a-fb81-46fa-a61d-7071f7e8a2ee/elements[39m
[35m[HTTP][39m [90m{"using":"xpath","value":"//hierarchy/android.widget.FrameLayout[1]/android.widget.LinearLayout[1]/android.widget.FrameLayout[1]/android.widget.FrameLayout[1]/android.view.View[1]/android.view.View[1]/android.view.View[1]/android.view.View[1]/android.view.View[1]/android.widget.EditText[1][count(. | //*[@class = 'android.widget.EditText']) = count(//*[@class = 'android.widget.EditText'])]"}[39m
[35m[HTTP][39m [37m<-- POST /wd/hub/session/7782fa8a-fb81-46fa-a61d-7071f7e8a2ee/elements [39m[32m200[39m [90m74 ms - 12[39m
[35m[HTTP][39m [90m[39m
[35m[HTTP][39m [37m-->[39m [37mPOST[39m [37m/wd/hub/session/7782fa8a-fb81-46fa-a61d-7071f7e8a2ee/elements[39m
[35m[HTTP][39m [90m{"using":"xpath","value":"//hierarchy/android.widget.FrameLayout[1]/android.widget.LinearLayout[1]/android.widget.FrameLayout[1]/android.widget.FrameLayout[1]/android.view.View[1]/android.view.View[1]/android.view.View[1]/android.view.View[1]/android.view.View[1]/android.widget.EditText[1][count(. | //*[@class = 'android.widget.EditText']) = count(//*[@class = 'android.widget.EditText'])]"}[39m
[35m[HTTP][39m [37m<-- POST /wd/hub/session/7782fa8a-fb81-46fa-a61d-7071f7e8a2ee/elements [39m[32m200[39m [90m73 ms - 12[39m
[35m[HTTP][39m [90m[39m
[35m[HTTP][39m [37m-->[39m [37mPOST[39m [37m/wd/hub/session/7782fa8a-fb81-46fa-a61d-7071f7e8a2ee/elements[39m
[35m[HTTP][39m [90m{"using":"xpath","value":"//hierarchy/android.widget.FrameLayout[1]/android.widget.LinearLayout[1]/android.widget.FrameLayout[1]/android.widget.FrameLayout[1]/android.view.View[1]/android.view.View[1]/android.view.View[1]/android.view.View[1]/android.view.View[1]/android.widget.EditText[1][count(. | //*[@class = 'android.widget.EditText']) = count(//*[@class = 'android.widget.EditText'])]"}[39m
[35m[HTTP][39m [37m<-- POST /wd/hub/session/7782fa8a-fb81-46fa-a61d-7071f7e8a2ee/elements [39m[32m200[39m [90m70 ms - 12[39m
[35m[HTTP][39m [90m[39m
[35m[HTTP][39m [37m-->[39m [37mPOST[39m [37m/wd/hub/session/7782fa8a-fb81-46fa-a61d-7071f7e8a2ee/elements[39m
[35m[HTTP][39m [90m{"using":"xpath","value":"//hierarchy/android.widget.FrameLayout[1]/android.widget.LinearLayout[1]/android.widget.FrameLayout[1]/android.widget.FrameLayout[1]/android.view.View[1]/android.view.View[1]/android.view.View[1]/android.view.View[1]/android.view.View[1]/android.widget.EditText[1][count(. | //*[@class = 'android.widget.EditText']) = count(//*[@class = 'android.widget.EditText'])]"}[39m
[35m[HTTP][39m [37m<-- POST /wd/hub/session/7782fa8a-fb81-46fa-a61d-7071f7e8a2ee/elements [39m[32m200[39m [90m65 ms - 12[39m
[35m[HTTP][39m [90m[39m
[35m[HTTP][39m [37m-->[39m [37mPOST[39m [37m/wd/hub/session/7782fa8a-fb81-46fa-a61d-7071f7e8a2ee/elements[39m
[35m[HTTP][39m [90m{"using":"xpath","value":"//hierarchy/android.widget.FrameLayout[1]/android.widget.LinearLayout[1]/android.widget.FrameLayout[1]/android.widget.FrameLayout[1]/android.view.View[1]/android.view.View[1]/android.view.View[1]/android.view.View[1]/android.view.View[1]/android.widget.EditText[1][count(. | //*[@class = 'android.widget.EditText']) = count(//*[@class = 'android.widget.EditText'])]"}[39m
[35m[HTTP][39m [37m<-- POST /wd/hub/session/7782fa8a-fb81-46fa-a61d-7071f7e8a2ee/elements [39m[32m200[39m [90m74 ms - 12[39m
[35m[HTTP][39m [90m[39m
[35m[HTTP][39m [37m-->[39m [37mPOST[39m [37m/wd/hub/session/7782fa8a-fb81-46fa-a61d-7071f7e8a2ee/elements[39m
[35m[HTTP][39m [90m{"using":"xpath","value":"//hierarchy/android.widget.FrameLayout[1]/android.widget.LinearLayout[1]/android.widget.FrameLayout[1]/android.widget.FrameLayout[1]/android.view.View[1]/android.view.View[1]/android.view.View[1]/android.view.View[1]/android.view.View[1]/android.widget.EditText[1][count(. | //*[@class = 'android.widget.EditText']) = count(//*[@class = 'android.widget.EditText'])]"}[39m
[35m[HTTP][39m [37m<-- POST /wd/hub/session/7782fa8a-fb81-46fa-a61d-7071f7e8a2ee/elements [39m[32m200[39m [90m74 ms - 12[39m
[35m[HTTP][39m [90m[39m
[35m[HTTP][39m [37m-->[39m [37mPOST[39m [37m/wd/hub/session/7782fa8a-fb81-46fa-a61d-7071f7e8a2ee/elements[39m
[35m[HTTP][39m [90m{"using":"xpath","value":"//hierarchy/android.widget.FrameLayout[1]/android.widget.LinearLayout[1]/android.widget.FrameLayout[1]/android.widget.FrameLayout[1]/android.view.View[1]/android.view.View[1]/android.view.View[1]/android.view.View[1]/android.view.View[1]/android.widget.EditText[1][count(. | //*[@class = 'android.widget.EditText']) = count(//*[@class = 'android.widget.EditText'])]"}[39m
[35m[HTTP][39m [37m<-- POST /wd/hub/session/7782fa8a-fb81-46fa-a61d-7071f7e8a2ee/elements [39m[32m200[39m [90m67 ms - 12[39m
[35m[HTTP][39m [90m[39m
[35m[HTTP][39m [37m-->[39m [37mPOST[39m [37m/wd/hub/session/7782fa8a-fb81-46fa-a61d-7071f7e8a2ee/elements[39m
[35m[HTTP][39m [90m{"using":"xpath","value":"//hierarchy/android.widget.FrameLayout[1]/android.widget.LinearLayout[1]/android.widget.FrameLayout[1]/android.widget.FrameLayout[1]/android.view.View[1]/android.view.View[1]/android.view.View[1]/android.view.View[1]/android.view.View[1]/android.widget.EditText[1][count(. | //*[@class = 'android.widget.EditText']) = count(//*[@class = 'android.widget.EditText'])]"}[39m
[35m[HTTP][39m [37m<-- POST /wd/hub/session/7782fa8a-fb81-46fa-a61d-7071f7e8a2ee/elements [39m[32m200[39m [90m68 ms - 12[39m
[35m[HTTP][39m [90m[39m
[35m[HTTP][39m [37m-->[39m [37mPOST[39m [37m/wd/hub/session/7782fa8a-fb81-46fa-a61d-7071f7e8a2ee/elements[39m
[35m[HTTP][39m [90m{"using":"xpath","value":"//hierarchy/android.widget.FrameLayout[1]/android.widget.LinearLayout[1]/android.widget.FrameLayout[1]/android.widget.FrameLayout[1]/android.view.View[1]/android.view.View[1]/android.view.View[1]/android.view.View[1]/android.view.View[1]/android.widget.EditText[1][count(. | //*[@class = 'android.widget.EditText']) = count(//*[@class = 'android.widget.EditText'])]"}[39m
[35m[HTTP][39m [37m<-- POST /wd/hub/session/7782fa8a-fb81-46fa-a61d-7071f7e8a2ee/elements [39m[32m200[39m [90m69 ms - 12[39m
[35m[HTTP][39m [90m[39m
[35m[HTTP][39m [37m-->[39m [37mPOST[39m [37m/wd/hub/session/7782fa8a-fb81-46fa-a61d-7071f7e8a2ee/elements[39m
[35m[HTTP][39m [90m{"using":"xpath","value":"//hierarchy/android.widget.FrameLayout[1]/android.widget.LinearLayout[1]/android.widget.FrameLayout[1]/android.widget.FrameLayout[1]/android.view.View[1]/android.view.View[1]/android.view.View[1]/android.view.View[1]/android.view.View[1]/android.widget.EditText[1][count(. | //*[@class = 'android.widget.EditText']) = count(//*[@class = 'android.widget.EditText'])]"}[39m
[35m[HTTP][39m [37m<-- POST /wd/hub/session/7782fa8a-fb81-46fa-a61d-7071f7e8a2ee/elements [39m[32m200[39m [90m88 ms - 12[39m
[35m[HTTP][39m [90m[39m
[35m[HTTP][39m [37m-->[39m [37mPOST[39m [37m/wd/hub/session/7782fa8a-fb81-46fa-a61d-7071f7e8a2ee/elements[39m
[35m[HTTP][39m [90m{"using":"xpath","value":"//hierarchy/android.widget.FrameLayout[1]/android.widget.LinearLayout[1]/android.widget.FrameLayout[1]/android.widget.FrameLayout[1]/android.view.View[1]/android.view.View[1]/android.view.View[1]/android.view.View[1]/android.view.View[1]/android.widget.EditText[1][count(. | //*[@class = 'android.widget.EditText']) = count(//*[@class = 'android.widget.EditText'])]"}[39m
[35m[HTTP][39m [37m<-- POST /wd/hub/session/7782fa8a-fb81-46fa-a61d-7071f7e8a2ee/elements [39m[32m200[39m [90m71 ms - 12[39m
[35m[HTTP][39m [90m[39m
[35m[HTTP][39m [37m-->[39m [37mPOST[39m [37m/wd/hub/session/7782fa8a-fb81-46fa-a61d-7071f7e8a2ee/elements[39m
[35m[HTTP][39m [90m{"using":"xpath","value":"//hierarchy/android.widget.FrameLayout[1]/android.widget.LinearLayout[1]/android.widget.FrameLayout[1]/android.widget.FrameLayout[1]/android.view.View[1]/android.view.View[1]/android.view.View[1]/android.view.View[1]/android.view.View[1]/android.widget.EditText[1][count(. | //*[@class = 'android.widget.EditText']) = count(//*[@class = 'android.widget.EditText'])]"}[39m
[35m[HTTP][39m [37m<-- POST /wd/hub/session/7782fa8a-fb81-46fa-a61d-7071f7e8a2ee/elements [39m[32m200[39m [90m67 ms - 12[39m
[35m[HTTP][39m [90m[39m
[35m[HTTP][39m [37m-->[39m [37mPOST[39m [37m/wd/hub/session/7782fa8a-fb81-46fa-a61d-7071f7e8a2ee/elements[39m
[35m[HTTP][39m [90m{"using":"xpath","value":"//hierarchy/android.widget.FrameLayout[1]/android.widget.LinearLayout[1]/android.widget.FrameLayout[1]/android.widget.FrameLayout[1]/android.view.View[1]/android.view.View[1]/android.view.View[1]/android.view.View[1]/android.view.View[1]/android.widget.EditText[1][count(. | //*[@class = 'android.widget.EditText']) = count(//*[@class = 'android.widget.EditText'])]"}[39m
[35m[HTTP][39m [37m<-- POST /wd/hub/session/7782fa8a-fb81-46fa-a61d-7071f7e8a2ee/elements [39m[32m200[39m [90m782 ms - 139[39m
[35m[HTTP][39m [90m[39m
[35m[HTTP][39m [37m-->[39m [37mGET[39m [37m/wd/hub/session/7782fa8a-fb81-46fa-a61d-7071f7e8a2ee/element/00000000-0000-002d-0000-002c00000001/location[39m
[35m[HTTP][39m [90m{}[39m
[35m[W3C (7782fa8a)][39m Driver proxy active, passing request on via HTTP proxy
[35m[WD Proxy][39m Replacing sessionId d6722f9a-6007-4bcf-a33d-1686ff79a770 with 7782fa8a-fb81-46fa-a61d-7071f7e8a2ee
[35m[HTTP][39m [37m<-- GET /wd/hub/session/7782fa8a-fb81-46fa-a61d-7071f7e8a2ee/element/00000000-0000-002d-0000-002c00000001/location [39m[32m200[39m [90m15 ms - 77[39m
[35m[HTTP][39m [90m[39m
[35m[HTTP][39m [37m-->[39m [37mPOST[39m [37m/wd/hub/session/7782fa8a-fb81-46fa-a61d-7071f7e8a2ee/timeouts[39m
[35m[HTTP][39m [90m{"implicit":30000}[39m
[35m[HTTP][39m [37m<-- POST /wd/hub/session/7782fa8a-fb81-46fa-a61d-7071f7e8a2ee/timeouts [39m[32m200[39m [90m1 ms - 14[39m
[35m[HTTP][39m [90m[39m
[35m[HTTP][39m [37m-->[39m [37mPOST[39m [37m/wd/hub/session/7782fa8a-fb81-46fa-a61d-7071f7e8a2ee/element/00000000-0000-002d-0000-002c00000001/clear[39m
[35m[HTTP][39m [90m{"id":"00000000-0000-002d-0000-002c00000001"}[39m
[35m[HTTP][39m [37m<-- POST /wd/hub/session/7782fa8a-fb81-46fa-a61d-7071f7e8a2ee/element/00000000-0000-002d-0000-002c00000001/clear [39m[32m200[39m [90m9 ms - 14[39m
[35m[HTTP][39m [90m[39m
[35m[HTTP][39m [37m-->[39m [37mPOST[39m [37m/wd/hub/session/7782fa8a-fb81-46fa-a61d-7071f7e8a2ee/element/00000000-0000-002d-0000-002c00000001/click[39m
[35m[HTTP][39m [90m{"id":"00000000-0000-002d-0000-002c00000001"}[39m
[35m[HTTP][39m [37m<-- POST /wd/hub/session/7782fa8a-fb81-46fa-a61d-7071f7e8a2ee/element/00000000-0000-002d-0000-002c00000001/click [39m[32m200[39m [90m14 ms - 14[39m
[35m[HTTP][39m [90m[39m
[35m[HTTP][39m [37m-->[39m [37mPOST[39m [37m/wd/hub/session/7782fa8a-fb81-46fa-a61d-7071f7e8a2ee/element/00000000-0000-002d-0000-002c00000001/value[39m
[35m[HTTP][39m [90m{"id":"00000000-0000-002d-0000-002c00000001","text":"administrator","value":["a","d","m","i","n","i","s","t","r","a","t","o","r"]}[39m
[35m[HTTP][39m [37m<-- POST /wd/hub/session/7782fa8a-fb81-46fa-a61d-7071f7e8a2ee/element/00000000-0000-002d-0000-002c00000001/value [39m[32m200[39m [90m12 ms - 14[39m
[35m[HTTP][39m [90m[39m
[35m[HTTP][39m [37m-->[39m [37mGET[39m [37m/wd/hub/session/7782fa8a-fb81-46fa-a61d-7071f7e8a2ee/context[39m
[35m[HTTP][39m [90m{}[39m
[35m[HTTP][39m [37m<-- GET /wd/hub/session/7782fa8a-fb81-46fa-a61d-7071f7e8a2ee/context [39m[32m200[39m [90m1 ms - 22[39m
[35m[HTTP][39m [90m[39m
[35m[HTTP][39m [37m-->[39m [37mGET[39m [37m/wd/hub/session/7782fa8a-fb81-46fa-a61d-7071f7e8a2ee/contexts[39m
[35m[HTTP][39m [90m{}[39m
[35m[HTTP][39m [37m<-- GET /wd/hub/session/7782fa8a-fb81-46fa-a61d-7071f7e8a2ee/contexts [39m[32m200[39m [90m38 ms - 24[39m
[35m[HTTP][39m [90m[39m
[35m[HTTP][39m [37m-->[39m [37mPOST[39m [37m/wd/hub/session/7782fa8a-fb81-46fa-a61d-7071f7e8a2ee/context[39m
[35m[HTTP][39m [90m{"name":"NATIVE_APP"}[39m
[35m[HTTP][39m [37m<-- POST /wd/hub/session/7782fa8a-fb81-46fa-a61d-7071f7e8a2ee/context [39m[32m200[39m [90m2 ms - 14[39m
[35m[HTTP][39m [90m[39m
[35m[HTTP][39m [37m-->[39m [37mPOST[39m [37m/wd/hub/session/7782fa8a-fb81-46fa-a61d-7071f7e8a2ee/appium/device/hide_keyboard[39m
[35m[HTTP][39m [90m{}[39m
[35m[HTTP][39m [37m<-- POST /wd/hub/session/7782fa8a-fb81-46fa-a61d-7071f7e8a2ee/appium/device/hide_keyboard [39m[32m200[39m [90m2076 ms - 14[39m
[35m[HTTP][39m [90m[39m
[35m[HTTP][39m [37m-->[39m [37mPOST[39m [37m/wd/hub/session/7782fa8a-fb81-46fa-a61d-7071f7e8a2ee/context[39m
[35m[HTTP][39m [90m{"name":"NATIVE_APP"}[39m
[35m[HTTP][39m [37m<-- POST /wd/hub/session/7782fa8a-fb81-46fa-a61d-7071f7e8a2ee/context [39m[32m200[39m [90m1 ms - 14[39m
[35m[HTTP][39m [90m[39m
[35m[HTTP][39m [37m-->[39m [37mPOST[39m [37m/wd/hub/session/7782fa8a-fb81-46fa-a61d-7071f7e8a2ee/timeouts[39m
[35m[HTTP][39m [90m{"implicit":50}[39m
[35m[HTTP][39m [37m<-- POST /wd/hub/session/7782fa8a-fb81-46fa-a61d-7071f7e8a2ee/timeouts [39m[32m200[39m [90m1 ms - 14[39m
[35m[HTTP][39m [90m[39m
[35m[HTTP][39m [37m-->[39m [37mGET[39m [37m/wd/hub/session/7782fa8a-fb81-46fa-a61d-7071f7e8a2ee/window/rect[39m
[35m[HTTP][39m [90m{}[39m
[35m[HTTP][39m [37m<-- GET /wd/hub/session/7782fa8a-fb81-46fa-a61d-7071f7e8a2ee/window/rect [39m[32m200[39m [90m9 ms - 50[39m
[35m[HTTP][39m [90m[39m
[35m[HTTP][39m [37m-->[39m [37mPOST[39m [37m/wd/hub/session/7782fa8a-fb81-46fa-a61d-7071f7e8a2ee/elements[39m
[35m[HTTP][39m [90m{"using":"xpath","value":"//hierarchy/android.widget.FrameLayout[1]/android.widget.LinearLayout[1]/android.widget.FrameLayout[1]/android.widget.FrameLayout[1]/android.view.View[1]/android.view.View[1]/android.view.View[1]/android.view.View[1]/android.view.View[1]/android.widget.EditText[2][count(. | //*[@class = 'android.widget.EditText' and @package = 'id.indocyber.level_up']) = count(//*[@class = 'android.widget.EditText' and @package = 'id.indocyber.level_up'])]"}[39m
[35m[HTTP][39m [37m<-- POST /wd/hub/session/7782fa8a-fb81-46fa-a61d-7071f7e8a2ee/elements [39m[32m200[39m [90m29 ms - 139[39m
[35m[HTTP][39m [90m[39m
[35m[HTTP][39m [37m-->[39m [37mGET[39m [37m/wd/hub/session/7782fa8a-fb81-46fa-a61d-7071f7e8a2ee/element/00000000-0000-002d-0000-002e00000001/location[39m
[35m[HTTP][39m [90m{}[39m
[35m[W3C (7782fa8a)][39m Driver proxy active, passing request on via HTTP proxy
[35m[WD Proxy][39m Replacing sessionId d6722f9a-6007-4bcf-a33d-1686ff79a770 with 7782fa8a-fb81-46fa-a61d-7071f7e8a2ee
[35m[HTTP][39m [37m<-- GET /wd/hub/session/7782fa8a-fb81-46fa-a61d-7071f7e8a2ee/element/00000000-0000-002d-0000-002e00000001/location [39m[32m200[39m [90m497 ms - 78[39m
[35m[HTTP][39m [90m[39m
[35m[HTTP][39m [37m-->[39m [37mPOST[39m [37m/wd/hub/session/7782fa8a-fb81-46fa-a61d-7071f7e8a2ee/timeouts[39m
[35m[HTTP][39m [90m{"implicit":30000}[39m
[35m[HTTP][39m [37m<-- POST /wd/hub/session/7782fa8a-fb81-46fa-a61d-7071f7e8a2ee/timeouts [39m[32m200[39m [90m2 ms - 14[39m
[35m[HTTP][39m [90m[39m
[35m[HTTP][39m [37m-->[39m [37mPOST[39m [37m/wd/hub/session/7782fa8a-fb81-46fa-a61d-7071f7e8a2ee/timeouts[39m
[35m[HTTP][39m [90m{"implicit":50}[39m
[35m[HTTP][39m [37m<-- POST /wd/hub/session/7782fa8a-fb81-46fa-a61d-7071f7e8a2ee/timeouts [39m[32m200[39m [90m1 ms - 14[39m
[35m[HTTP][39m [90m[39m
[35m[HTTP][39m [37m-->[39m [37mGET[39m [37m/wd/hub/session/7782fa8a-fb81-46fa-a61d-7071f7e8a2ee/window/rect[39m
[35m[HTTP][39m [90m{}[39m
[35m[HTTP][39m [37m<-- GET /wd/hub/session/7782fa8a-fb81-46fa-a61d-7071f7e8a2ee/window/rect [39m[32m200[39m [90m6 ms - 50[39m
[35m[HTTP][39m [90m[39m
[35m[HTTP][39m [37m-->[39m [37mPOST[39m [37m/wd/hub/session/7782fa8a-fb81-46fa-a61d-7071f7e8a2ee/elements[39m
[35m[HTTP][39m [90m{"using":"xpath","value":"//hierarchy/android.widget.FrameLayout[1]/android.widget.LinearLayout[1]/android.widget.FrameLayout[1]/android.widget.FrameLayout[1]/android.view.View[1]/android.view.View[1]/android.view.View[1]/android.view.View[1]/android.view.View[1]/android.widget.EditText[2][count(. | //*[@class = 'android.widget.EditText' and @package = 'id.indocyber.level_up']) = count(//*[@class = 'android.widget.EditText' and @package = 'id.indocyber.level_up'])]"}[39m
[35m[HTTP][39m [37m<-- POST /wd/hub/session/7782fa8a-fb81-46fa-a61d-7071f7e8a2ee/elements [39m[32m200[39m [90m30 ms - 139[39m
[35m[HTTP][39m [90m[39m
[35m[HTTP][39m [37m-->[39m [37mGET[39m [37m/wd/hub/session/7782fa8a-fb81-46fa-a61d-7071f7e8a2ee/element/00000000-0000-002d-0000-002e00000001/location[39m
[35m[HTTP][39m [90m{}[39m
[35m[W3C (7782fa8a)][39m Driver proxy active, passing request on via HTTP proxy
[35m[WD Proxy][39m Replacing sessionId d6722f9a-6007-4bcf-a33d-1686ff79a770 with 7782fa8a-fb81-46fa-a61d-7071f7e8a2ee
[35m[HTTP][39m [37m<-- GET /wd/hub/session/7782fa8a-fb81-46fa-a61d-7071f7e8a2ee/element/00000000-0000-002d-0000-002e00000001/location [39m[32m200[39m [90m8 ms - 78[39m
[35m[HTTP][39m [90m[39m
[35m[HTTP][39m [37m-->[39m [37mPOST[39m [37m/wd/hub/session/7782fa8a-fb81-46fa-a61d-7071f7e8a2ee/timeouts[39m
[35m[HTTP][39m [90m{"implicit":30000}[39m
[35m[HTTP][39m [37m<-- POST /wd/hub/session/7782fa8a-fb81-46fa-a61d-7071f7e8a2ee/timeouts [39m[32m200[39m [90m1 ms - 14[39m
[35m[HTTP][39m [90m[39m
[35m[HTTP][39m [37m-->[39m [37mPOST[39m [37m/wd/hub/session/7782fa8a-fb81-46fa-a61d-7071f7e8a2ee/element/00000000-0000-002d-0000-002e00000001/clear[39m
[35m[HTTP][39m [90m{"id":"00000000-0000-002d-0000-002e00000001"}[39m
[35m[HTTP][39m [37m<-- POST /wd/hub/session/7782fa8a-fb81-46fa-a61d-7071f7e8a2ee/element/00000000-0000-002d-0000-002e00000001/clear [39m[32m200[39m [90m7 ms - 14[39m
[35m[HTTP][39m [90m[39m
[35m[HTTP][39m [37m-->[39m [37mPOST[39m [37m/wd/hub/session/7782fa8a-fb81-46fa-a61d-7071f7e8a2ee/timeouts[39m
[35m[HTTP][39m [90m{"implicit":50}[39m
[35m[HTTP][39m [37m<-- POST /wd/hub/session/7782fa8a-fb81-46fa-a61d-7071f7e8a2ee/timeouts [39m[32m200[39m [90m1 ms - 14[39m
[35m[HTTP][39m [90m[39m
[35m[HTTP][39m [37m-->[39m [37mGET[39m [37m/wd/hub/session/7782fa8a-fb81-46fa-a61d-7071f7e8a2ee/window/rect[39m
[35m[HTTP][39m [90m{}[39m
[35m[HTTP][39m [37m<-- GET /wd/hub/session/7782fa8a-fb81-46fa-a61d-7071f7e8a2ee/window/rect [39m[32m200[39m [90m8 ms - 50[39m
[35m[HTTP][39m [90m[39m
[35m[HTTP][39m [37m-->[39m [37mPOST[39m [37m/wd/hub/session/7782fa8a-fb81-46fa-a61d-7071f7e8a2ee/elements[39m
[35m[HTTP][39m [90m{"using":"xpath","value":"//hierarchy/android.widget.FrameLayout[1]/android.widget.LinearLayout[1]/android.widget.FrameLayout[1]/android.widget.FrameLayout[1]/android.view.View[1]/android.view.View[1]/android.view.View[1]/android.view.View[1]/android.view.View[1]/android.widget.EditText[2][count(. | //*[@class = 'android.widget.EditText' and @package = 'id.indocyber.level_up']) = count(//*[@class = 'android.widget.EditText' and @package = 'id.indocyber.level_up'])]"}[39m
[35m[HTTP][39m [37m<-- POST /wd/hub/session/7782fa8a-fb81-46fa-a61d-7071f7e8a2ee/elements [39m[32m200[39m [90m26 ms - 139[39m
[35m[HTTP][39m [90m[39m
[35m[HTTP][39m [37m-->[39m [37mGET[39m [37m/wd/hub/session/7782fa8a-fb81-46fa-a61d-7071f7e8a2ee/element/00000000-0000-002d-0000-002e00000001/location[39m
[35m[HTTP][39m [90m{}[39m
[35m[W3C (7782fa8a)][39m Driver proxy active, passing request on via HTTP proxy
[35m[WD Proxy][39m Replacing sessionId d6722f9a-6007-4bcf-a33d-1686ff79a770 with 7782fa8a-fb81-46fa-a61d-7071f7e8a2ee
[35m[HTTP][39m [37m<-- GET /wd/hub/session/7782fa8a-fb81-46fa-a61d-7071f7e8a2ee/element/00000000-0000-002d-0000-002e00000001/location [39m[32m200[39m [90m7 ms - 78[39m
[35m[HTTP][39m [90m[39m
[35m[HTTP][39m [37m-->[39m [37mPOST[39m [37m/wd/hub/session/7782fa8a-fb81-46fa-a61d-7071f7e8a2ee/timeouts[39m
[35m[HTTP][39m [90m{"implicit":30000}[39m
[35m[HTTP][39m [37m<-- POST /wd/hub/session/7782fa8a-fb81-46fa-a61d-7071f7e8a2ee/timeouts [39m[32m200[39m [90m1 ms - 14[39m
[35m[HTTP][39m [90m[39m
[35m[HTTP][39m [37m-->[39m [37mPOST[39m [37m/wd/hub/session/7782fa8a-fb81-46fa-a61d-7071f7e8a2ee/element/00000000-0000-002d-0000-002e00000001/clear[39m
[35m[HTTP][39m [90m{"id":"00000000-0000-002d-0000-002e00000001"}[39m
[35m[HTTP][39m [37m<-- POST /wd/hub/session/7782fa8a-fb81-46fa-a61d-7071f7e8a2ee/element/00000000-0000-002d-0000-002e00000001/clear [39m[32m200[39m [90m8 ms - 14[39m
[35m[HTTP][39m [90m[39m
[35m[HTTP][39m [37m-->[39m [37mPOST[39m [37m/wd/hub/session/7782fa8a-fb81-46fa-a61d-7071f7e8a2ee/element/00000000-0000-002d-0000-002e00000001/click[39m
[35m[HTTP][39m [90m{"id":"00000000-0000-002d-0000-002e00000001"}[39m
[35m[HTTP][39m [37m<-- POST /wd/hub/session/7782fa8a-fb81-46fa-a61d-7071f7e8a2ee/element/00000000-0000-002d-0000-002e00000001/click [39m[32m200[39m [90m15 ms - 14[39m
[35m[HTTP][39m [90m[39m
[35m[HTTP][39m [37m-->[39m [37mPOST[39m [37m/wd/hub/session/7782fa8a-fb81-46fa-a61d-7071f7e8a2ee/element/00000000-0000-002d-0000-002e00000001/value[39m
[35m[HTTP][39m [90m{"id":"00000000-0000-002d-0000-002e00000001","text":"","value":[]}[39m
[35m[HTTP][39m [37m<-- POST /wd/hub/session/7782fa8a-fb81-46fa-a61d-7071f7e8a2ee/element/00000000-0000-002d-0000-002e00000001/value [39m[32m200[39m [90m31 ms - 14[39m
[35m[HTTP][39m [90m[39m
[35m[HTTP][39m [37m-->[39m [37mGET[39m [37m/wd/hub/session/7782fa8a-fb81-46fa-a61d-7071f7e8a2ee/context[39m
[35m[HTTP][39m [90m{}[39m
[35m[HTTP][39m [37m<-- GET /wd/hub/session/7782fa8a-fb81-46fa-a61d-7071f7e8a2ee/context [39m[32m200[39m [90m1 ms - 22[39m
[35m[HTTP][39m [90m[39m
[35m[HTTP][39m [37m-->[39m [37mGET[39m [37m/wd/hub/session/7782fa8a-fb81-46fa-a61d-7071f7e8a2ee/contexts[39m
[35m[HTTP][39m [90m{}[39m
[35m[HTTP][39m [37m<-- GET /wd/hub/session/7782fa8a-fb81-46fa-a61d-7071f7e8a2ee/contexts [39m[32m200[39m [90m52 ms - 24[39m
[35m[HTTP][39m [90m[39m
[35m[HTTP][39m [37m-->[39m [37mPOST[39m [37m/wd/hub/session/7782fa8a-fb81-46fa-a61d-7071f7e8a2ee/context[39m
[35m[HTTP][39m [90m{"name":"NATIVE_APP"}[39m
[35m[HTTP][39m [37m<-- POST /wd/hub/session/7782fa8a-fb81-46fa-a61d-7071f7e8a2ee/context [39m[32m200[39m [90m1 ms - 14[39m
[35m[HTTP][39m [90m[39m
[35m[HTTP][39m [37m-->[39m [37mPOST[39m [37m/wd/hub/session/7782fa8a-fb81-46fa-a61d-7071f7e8a2ee/appium/device/hide_keyboard[39m
[35m[HTTP][39m [90m{}[39m
[35m[HTTP][39m [37m<-- POST /wd/hub/session/7782fa8a-fb81-46fa-a61d-7071f7e8a2ee/appium/device/hide_keyboard [39m[32m200[39m [90m1687 ms - 14[39m
[35m[HTTP][39m [90m[39m
[35m[HTTP][39m [37m-->[39m [37mPOST[39m [37m/wd/hub/session/7782fa8a-fb81-46fa-a61d-7071f7e8a2ee/context[39m
[35m[HTTP][39m [90m{"name":"NATIVE_APP"}[39m
[35m[HTTP][39m [37m<-- POST /wd/hub/session/7782fa8a-fb81-46fa-a61d-7071f7e8a2ee/context [39m[32m200[39m [90m1 ms - 14[39m
[35m[HTTP][39m [90m[39m
[35m[HTTP][39m [37m-->[39m [37mPOST[39m [37m/wd/hub/session/7782fa8a-fb81-46fa-a61d-7071f7e8a2ee/timeouts[39m
[35m[HTTP][39m [90m{"implicit":50}[39m
[35m[HTTP][39m [37m<-- POST /wd/hub/session/7782fa8a-fb81-46fa-a61d-7071f7e8a2ee/timeouts [39m[32m200[39m [90m1 ms - 14[39m
[35m[HTTP][39m [90m[39m
[35m[HTTP][39m [37m-->[39m [37mGET[39m [37m/wd/hub/session/7782fa8a-fb81-46fa-a61d-7071f7e8a2ee/window/rect[39m
[35m[HTTP][39m [90m{}[39m
[35m[HTTP][39m [37m<-- GET /wd/hub/session/7782fa8a-fb81-46fa-a61d-7071f7e8a2ee/window/rect [39m[32m200[39m [90m6 ms - 50[39m
[35m[HTTP][39m [90m[39m
[35m[HTTP][39m [37m-->[39m [37mPOST[39m [37m/wd/hub/session/7782fa8a-fb81-46fa-a61d-7071f7e8a2ee/elements[39m
[35m[HTTP][39m [90m{"using":"accessibility id","value":"Log In"}[39m
[35m[HTTP][39m [37m<-- POST /wd/hub/session/7782fa8a-fb81-46fa-a61d-7071f7e8a2ee/elements [39m[32m200[39m [90m463 ms - 139[39m
[35m[HTTP][39m [90m[39m
[35m[HTTP][39m [37m-->[39m [37mGET[39m [37m/wd/hub/session/7782fa8a-fb81-46fa-a61d-7071f7e8a2ee/element/00000000-0000-002d-0000-003000000001/location[39m
[35m[HTTP][39m [90m{}[39m
[35m[W3C (7782fa8a)][39m Driver proxy active, passing request on via HTTP proxy
[35m[WD Proxy][39m Replacing sessionId d6722f9a-6007-4bcf-a33d-1686ff79a770 with 7782fa8a-fb81-46fa-a61d-7071f7e8a2ee
[35m[HTTP][39m [37m<-- GET /wd/hub/session/7782fa8a-fb81-46fa-a61d-7071f7e8a2ee/element/00000000-0000-002d-0000-003000000001/location [39m[32m200[39m [90m8 ms - 78[39m
[35m[HTTP][39m [90m[39m
[35m[HTTP][39m [37m-->[39m [37mPOST[39m [37m/wd/hub/session/7782fa8a-fb81-46fa-a61d-7071f7e8a2ee/timeouts[39m
[35m[HTTP][39m [90m{"implicit":30000}[39m
[35m[HTTP][39m [37m<-- POST /wd/hub/session/7782fa8a-fb81-46fa-a61d-7071f7e8a2ee/timeouts [39m[32m200[39m [90m1 ms - 14[39m
[35m[HTTP][39m [90m[39m
[35m[HTTP][39m [37m-->[39m [37mPOST[39m [37m/wd/hub/session/7782fa8a-fb81-46fa-a61d-7071f7e8a2ee/element/00000000-0000-002d-0000-003000000001/click[39m
[35m[HTTP][39m [90m{"id":"00000000-0000-002d-0000-003000000001"}[39m
[35m[HTTP][39m [37m<-- POST /wd/hub/session/7782fa8a-fb81-46fa-a61d-7071f7e8a2ee/element/00000000-0000-002d-0000-003000000001/click [39m[32m200[39m [90m11 ms - 14[39m
[35m[HTTP][39m [90m[39m
[35m[HTTP][39m [37m-->[39m [37mPOST[39m [37m/wd/hub/session/7782fa8a-fb81-46fa-a61d-7071f7e8a2ee/timeouts[39m
[35m[HTTP][39m [90m{"implicit":50}[39m
[35m[HTTP][39m [37m<-- POST /wd/hub/session/7782fa8a-fb81-46fa-a61d-7071f7e8a2ee/timeouts [39m[32m200[39m [90m1 ms - 14[39m
[35m[HTTP][39m [90m[39m
[35m[HTTP][39m [37m-->[39m [37mGET[39m [37m/wd/hub/session/7782fa8a-fb81-46fa-a61d-7071f7e8a2ee/window/rect[39m
[35m[HTTP][39m [90m{}[39m
[35m[HTTP][39m [37m<-- GET /wd/hub/session/7782fa8a-fb81-46fa-a61d-7071f7e8a2ee/window/rect [39m[32m200[39m [90m6 ms - 50[39m
[35m[HTTP][39m [90m[39m
[35m[HTTP][39m [37m-->[39m [37mPOST[39m [37m/wd/hub/session/7782fa8a-fb81-46fa-a61d-7071f7e8a2ee/elements[39m
[35m[HTTP][39m [90m{"using":"xpath","value":"//*[@class = 'android.widget.ImageView' and @resource-id = '' and (@text = '' or . = '')]"}[39m
[35m[HTTP][39m [37m<-- POST /wd/hub/session/7782fa8a-fb81-46fa-a61d-7071f7e8a2ee/elements [39m[32m200[39m [90m548 ms - 395[39m
[35m[HTTP][39m [90m[39m
[35m[HTTP][39m [37m-->[39m [37mGET[39m [37m/wd/hub/session/7782fa8a-fb81-46fa-a61d-7071f7e8a2ee/element/00000000-0000-002d-0000-002900000001/location[39m
[35m[HTTP][39m [90m{}[39m
[35m[W3C (7782fa8a)][39m Driver proxy active, passing request on via HTTP proxy
[35m[WD Proxy][39m Replacing sessionId d6722f9a-6007-4bcf-a33d-1686ff79a770 with 7782fa8a-fb81-46fa-a61d-7071f7e8a2ee
[35m[HTTP][39m [37m<-- GET /wd/hub/session/7782fa8a-fb81-46fa-a61d-7071f7e8a2ee/element/00000000-0000-002d-0000-002900000001/location [39m[32m200[39m [90m8 ms - 78[39m
[35m[HTTP][39m [90m[39m
[35m[HTTP][39m [37m-->[39m [37mPOST[39m [37m/wd/hub/session/7782fa8a-fb81-46fa-a61d-7071f7e8a2ee/timeouts[39m
[35m[HTTP][39m [90m{"implicit":30000}[39m
[35m[HTTP][39m [37m<-- POST /wd/hub/session/7782fa8a-fb81-46fa-a61d-7071f7e8a2ee/timeouts [39m[32m200[39m [90m1 ms - 14[39m
[35m[HTTP][39m [90m[39m
[35m[HTTP][39m [37m-->[39m [37mPOST[39m [37m/wd/hub/session/7782fa8a-fb81-46fa-a61d-7071f7e8a2ee/timeouts[39m
[35m[HTTP][39m [90m{"implicit":50}[39m
[35m[HTTP][39m [37m<-- POST /wd/hub/session/7782fa8a-fb81-46fa-a61d-7071f7e8a2ee/timeouts [39m[32m200[39m [90m1 ms - 14[39m
[35m[HTTP][39m [90m[39m
[35m[HTTP][39m [37m-->[39m [37mGET[39m [37m/wd/hub/session/7782fa8a-fb81-46fa-a61d-7071f7e8a2ee/window/rect[39m
[35m[HTTP][39m [90m{}[39m
[35m[HTTP][39m [37m<-- GET /wd/hub/session/7782fa8a-fb81-46fa-a61d-7071f7e8a2ee/window/rect [39m[32m200[39m [90m8 ms - 50[39m
[35m[HTTP][39m [90m[39m
[35m[HTTP][39m [37m-->[39m [37mPOST[39m [37m/wd/hub/session/7782fa8a-fb81-46fa-a61d-7071f7e8a2ee/elements[39m
[35m[HTTP][39m [90m{"using":"xpath","value":"//*[@class = 'android.widget.ImageView' and @resource-id = '' and (@text = '' or . = '')]"}[39m
[35m[HTTP][39m [37m<-- POST /wd/hub/session/7782fa8a-fb81-46fa-a61d-7071f7e8a2ee/elements [39m[32m200[39m [90m27 ms - 395[39m
[35m[HTTP][39m [90m[39m
[35m[HTTP][39m [37m-->[39m [37mGET[39m [37m/wd/hub/session/7782fa8a-fb81-46fa-a61d-7071f7e8a2ee/element/00000000-0000-002d-0000-002900000001/location[39m
[35m[HTTP][39m [90m{}[39m
[35m[W3C (7782fa8a)][39m Driver proxy active, passing request on via HTTP proxy
[35m[WD Proxy][39m Replacing sessionId d6722f9a-6007-4bcf-a33d-1686ff79a770 with 7782fa8a-fb81-46fa-a61d-7071f7e8a2ee
[35m[HTTP][39m [37m<-- GET /wd/hub/session/7782fa8a-fb81-46fa-a61d-7071f7e8a2ee/element/00000000-0000-002d-0000-002900000001/location [39m[32m200[39m [90m9 ms - 78[39m
[35m[HTTP][39m [90m[39m
[35m[HTTP][39m [37m-->[39m [37mPOST[39m [37m/wd/hub/session/7782fa8a-fb81-46fa-a61d-7071f7e8a2ee/timeouts[39m
[35m[HTTP][39m [90m{"implicit":30000}[39m
[35m[HTTP][39m [37m<-- POST /wd/hub/session/7782fa8a-fb81-46fa-a61d-7071f7e8a2ee/timeouts [39m[32m200[39m [90m2 ms - 14[39m
[35m[HTTP][39m [90m[39m
[35m[HTTP][39m [37m-->[39m [37mGET[39m [37m/wd/hub/session/7782fa8a-fb81-46fa-a61d-7071f7e8a2ee/element/00000000-0000-002d-0000-002900000001/displayed[39m
[35m[HTTP][39m [90m{}[39m
[35m[HTTP][39m [37m<-- GET /wd/hub/session/7782fa8a-fb81-46fa-a61d-7071f7e8a2ee/element/00000000-0000-002d-0000-002900000001/displayed [39m[32m200[39m [90m8 ms - 14[39m
[35m[HTTP][39m [90m[39m
[35m[HTTP][39m [37m-->[39m [37mDELETE[39m [37m/wd/hub/session/7782fa8a-fb81-46fa-a61d-7071f7e8a2ee[39m
[35m[HTTP][39m [90m{}[39m
[35m[Appium][39m Removing session 7782fa8a-fb81-46fa-a61d-7071f7e8a2ee from our master session list
[35m[HTTP][39m [37m<-- DELETE /wd/hub/session/7782fa8a-fb81-46fa-a61d-7071f7e8a2ee [39m[32m200[39m [90m352 ms - 14[39m
[35m[HTTP][39m [90m[39m
